#
# A fatal error has been detected by the Java Runtime Environment:
#
#  SIGSEGV (0xb) at pc=0x0000000110b14914, pid=3552, tid=775
#
# JRE version: Java(TM) SE Runtime Environment (9.0+11) (build 9.0.1+11)
# Java VM: Java HotSpot(TM) 64-Bit Server VM (9.0.1+11, mixed mode, tiered, compressed oops, g1 gc, bsd-amd64)
# Problematic frame:
# V  [libjvm.dylib+0x714914]  JavaThread::set_thread_state(JavaThreadState)+0x4
#
# No core dump will be written. Core dumps have been disabled. To enable core dumping, try "ulimit -c unlimited" before starting Java again
#
# If you would like to submit a bug report, please visit:
#   http://bugreport.java.com/bugreport/crash.jsp
#

---------------  S U M M A R Y ------------

Command Line: -Dfile.encoding=UTF-8 application.Main -Xmx2048m

Host: MacBookPro9,2 x86_64 2900 MHz, 4 cores, 8G, Darwin 17.3.0
Time: Wed Jan 31 16:26:23 2018 +07 elapsed time: 52 seconds (0d 0h 0m 52s)

---------------  T H R E A D  ---------------

Current thread is native thread

Stack: [0x00007ffedf8fc000,0x00007ffee00fc000],  sp=0x00007ffee00f8170,  free space=8176k
Native frames: (J=compiled Java code, A=aot compiled Java code, j=interpreted, Vv=VM code, C=native code)
V  [libjvm.dylib+0x714914]  JavaThread::set_thread_state(JavaThreadState)+0x4
V  [libjvm.dylib+0x714ad7]  ThreadStateTransition::transition_from_native(JavaThread*, JavaThreadState)+0x17
V  [libjvm.dylib+0x3d4887]  jni_IsSameObject+0x4c
C  [JavaNativeFoundation+0x6e4e]  -[JNFWeakJObjectWrapper _getWithEnv:]+0x26
C  [JavaNativeFoundation+0x6c5b]  -[JNFJObjectWrapper jObjectWithEnv:]+0x16
C  [libawt_lwawt.dylib+0x1c0bc]  -[CGLLayer drawInCGLContext:pixelFormat:forLayerTime:displayTime:]+0xa1
C  [QuartzCore+0x70aa6]  CAOpenGLLayerDraw(CAOpenGLLayer*, double, CVTimeStamp const*, unsigned int)+0x7a7
C  [QuartzCore+0x70107]  -[CAOpenGLLayer _display]+0x235
C  [QuartzCore+0x11e63]  CA::Layer::display_if_needed(CA::Transaction*)+0x279
C  [QuartzCore+0x11921]  CA::Layer::layout_and_display_if_needed(CA::Transaction*)+0x23
C  [QuartzCore+0x109ac]  CA::Context::commit_transaction(CA::Transaction*)+0x146
C  [QuartzCore+0x1054d]  CA::Transaction::commit()+0x1e7
C  [QuartzCore+0x1c0c2]  CA::Transaction::observer_callback(__CFRunLoopObserver*, unsigned long, void*)+0x42
C  [CoreFoundation+0x9f117]  __CFRUNLOOP_IS_CALLING_OUT_TO_AN_OBSERVER_CALLBACK_FUNCTION__+0x17
C  [CoreFoundation+0x9f03f]  __CFRunLoopDoObservers+0x1ff
C  [CoreFoundation+0x81cb0]  __CFRunLoopRun+0x640
C  [CoreFoundation+0x813d7]  CFRunLoopRunSpecific+0x1e7
C  [java+0x6b2e]  CreateExecutionEnvironment+0x35c
C  [java+0x2c65]  JLI_Launch+0x5a9
C  [java+0x1b62]  main+0x186
C  [java+0x19d4]  start+0x34


siginfo: si_signo: 11 (SIGSEGV), si_code: 1 (SEGV_MAPERR), si_addr: 0x0000000000000290

Register to memory mapping:

RAX=0x000000000000dead is an unknown value
RBX=0x0000000000000000 is an unknown value
RCX=0x0000000110cf80d0: jni_NativeInterface+0 in /Library/Java/JavaVirtualMachines/jdk-9.0.1.jdk/Contents/Home/lib/server/libjvm.dylib at 0x0000000110400000
RDX=0x0000000000000000 is an unknown value
RSP=0x00007ffee00f8170 is an unknown value
RBP=0x00007ffee00f8170 is an unknown value
RSI=0x0000000000000005 is an unknown value
RDI=0x0000000000000000 is an unknown value
R8 =0x0000000000000000 is an unknown value
R9 =0x0000000000000000 is an unknown value
R10=0x00007fff8476ded8: OBJC_CLASS_$_JNFWeakJObjectWrapper+0 in /System/Library/Frameworks/JavaVM.framework/Versions/A/Frameworks/JavaNativeFoundation.framework/Versions/A/JavaNativeFoundation at 0x00007fff2db99000
R11=0x00007fcfba931480 is an unknown value
R12=0x00007fcfb92ec111 is a weak global jni handle
R13=0x00007fcfb92cb450 is an unknown value
R14=0x0000000000000006 is an unknown value
R15=0x00007fcfb95372a0 is an unknown value


Registers:
RAX=0x000000000000dead, RBX=0x0000000000000000, RCX=0x0000000110cf80d0, RDX=0x0000000000000000
RSP=0x00007ffee00f8170, RBP=0x00007ffee00f8170, RSI=0x0000000000000005, RDI=0x0000000000000000
R8 =0x0000000000000000, R9 =0x0000000000000000, R10=0x00007fff8476ded8, R11=0x00007fcfba931480
R12=0x00007fcfb92ec111, R13=0x00007fcfb92cb450, R14=0x0000000000000006, R15=0x00007fcfb95372a0
RIP=0x0000000110b14914, EFLAGS=0x0000000000010206, ERR=0x0000000000000006
  TRAPNO=0x000000000000000e

Top of Stack: (sp=0x00007ffee00f8170)
0x00007ffee00f8170:   00007ffee00f8190 0000000110b14ad7
0x00007ffee00f8180:   00007fcfb410aa18 0000000000000000
0x00007ffee00f8190:   00007ffee00f81d0 00000001107d4887
0x00007ffee00f81a0:   00007ffee00f81e0 0000000000000000
0x00007ffee00f81b0:   00007fcfb92c2040 00007fcfb4ee0600
0x00007ffee00f81c0:   0000000000000008 00007fcfb95372a0
0x00007ffee00f81d0:   00007ffee00f81f0 00007fff2db9fe4e
0x00007ffee00f81e0:   00007fcfb410aa18 00007fff50ce1e80
0x00007ffee00f81f0:   00007ffee00f8210 00007fff2db9fc5b
0x00007ffee00f8200:   00007fcfb92c2040 00007fcfb410aa18
0x00007ffee00f8210:   00007ffee00f8270 00000001379cd0bc
0x00007ffee00f8220:   00007fff2825553e 40e846f1b6b0f3a0
0x00007ffee00f8230:   0000000000000000 00007fcfb4ee0600
0x00007ffee00f8240:   00007ffee00f8270 00007fff50ce1e80
0x00007ffee00f8250:   00007fcfb92cb450 00007fcfb90012f0
0x00007ffee00f8260:   00007fcfb92cb490 00007fcfb4ee0600
0x00007ffee00f8270:   00007ffee00f8320 00007fff3514baa6
0x00007ffee00f8280:   00007fcfb92cb450 0000000000000000
0x00007ffee00f8290:   0000000000000000 00007fcfb92cb450
0x00007ffee00f82a0:   0000000000000000 0000000000000000
0x00007ffee00f82b0:   00007ffee00f8300 0000000000000004
0x00007ffee00f82c0:   0000000000000000 40e846f1b6b0f3a0
0x00007ffee00f82d0:   0000000000000004 0000000000000000
0x00007ffee00f82e0:   0000000000000000 00007ffee00f8300
0x00007ffee00f82f0:   00007fcfb92cb450 00007fff50ce1e80
0x00007ffee00f8300:   0000000000000004 0000000000000000
0x00007ffee00f8310:   00007fcfb92cb450 00007fff2825553e
0x00007ffee00f8320:   00007ffee00f8390 00007fff3514b107
0x00007ffee00f8330:   0000000000000000 0000000000000000
0x00007ffee00f8340:   408f400000000000 4083a00000000000
0x00007ffee00f8350:   4083a00000000000 408f400000000000
0x00007ffee00f8360:   3ff0000000000000 00007ffee00f8460 

Instructions: (pc=0x0000000110b14914)
0x0000000110b148f4:   e8 15 0c f5 ff 48 89 df 44 89 f6 5b 41 5e 5d e9
0x0000000110b14904:   08 00 00 00 0f 1f 84 00 00 00 00 00 55 48 89 e5
0x0000000110b14914:   89 b7 90 02 00 00 5d c3 0f 1f 40 00 55 48 89 e5
0x0000000110b14924:   48 8d 0d 75 f5 22 00 b0 01 83 39 01 75 0d 48 8d 


---------------  P R O C E S S  ---------------

VM state:not at safepoint (normal execution)

VM Mutex/Monitor currently owned by a thread: None

Heap address: 0x0000000740000000, size: 2048 MB, Compressed Oops mode: Zero based, Oop shift amount: 3
Narrow klass base: 0x0000000000000000, Narrow klass shift: 3
Compressed class space size: 1073741824 Address: 0x00000007c0000000

Heap:
 garbage-first heap   total 242688K, used 113824K [0x0000000740000000, 0x0000000740100768, 0x00000007c0000000)
  region size 1024K, 34 young (34816K), 3 survivors (3072K)
 Metaspace       used 41240K, capacity 45386K, committed 45564K, reserved 1089536K
  class space    used 5366K, capacity 6039K, committed 6140K, reserved 1048576K
Heap Regions: E=young(eden), S=young(survivor), O=old, HS=humongous(starts), HC=humongous(continues), CS=collection set, F=free, A=archive, TS=gc time stamp, AC=allocation context, TAMS=top-at-mark-start (previous, next)
|   0|0x0000000740000000, 0x0000000740100000, 0x0000000740100000|100%| O|  |TS  0|AC  0|TAMS 0x0000000740100000, 0x0000000740100000|
|   1|0x0000000740100000, 0x0000000740200000, 0x0000000740200000|100%| O|  |TS  0|AC  0|TAMS 0x0000000740200000, 0x0000000740200000|
|   2|0x0000000740200000, 0x0000000740300000, 0x0000000740300000|100%| O|  |TS  0|AC  0|TAMS 0x0000000740300000, 0x0000000740300000|
|   3|0x0000000740300000, 0x0000000740400000, 0x0000000740400000|100%| O|  |TS  0|AC  0|TAMS 0x0000000740400000, 0x0000000740400000|
|   4|0x0000000740400000, 0x0000000740500000, 0x0000000740500000|100%| O|  |TS  0|AC  0|TAMS 0x0000000740500000, 0x0000000740500000|
|   5|0x0000000740500000, 0x0000000740600000, 0x0000000740600000|100%| O|  |TS  0|AC  0|TAMS 0x0000000740600000, 0x0000000740600000|
|   6|0x0000000740600000, 0x0000000740700000, 0x0000000740700000|100%|HS|  |TS  0|AC  0|TAMS 0x0000000740700000, 0x0000000740700000|
|   7|0x0000000740700000, 0x0000000740800000, 0x0000000740800000|100%|HC|  |TS  0|AC  0|TAMS 0x0000000740800000, 0x0000000740800000|
|   8|0x0000000740800000, 0x0000000740900000, 0x0000000740900000|100%|HC|  |TS  0|AC  0|TAMS 0x0000000740900000, 0x0000000740900000|
|   9|0x0000000740900000, 0x0000000740a00000, 0x0000000740a00000|100%|HS|  |TS  0|AC  0|TAMS 0x0000000740a00000, 0x0000000740a00000|
|  10|0x0000000740a00000, 0x0000000740b00000, 0x0000000740b00000|100%|HC|  |TS  0|AC  0|TAMS 0x0000000740b00000, 0x0000000740b00000|
|  11|0x0000000740b00000, 0x0000000740c00000, 0x0000000740c00000|100%|HS|  |TS  0|AC  0|TAMS 0x0000000740c00000, 0x0000000740c00000|
|  12|0x0000000740c00000, 0x0000000740d00000, 0x0000000740d00000|100%|HC|  |TS  0|AC  0|TAMS 0x0000000740d00000, 0x0000000740d00000|
|  13|0x0000000740d00000, 0x0000000740e00000, 0x0000000740e00000|100%|HS|  |TS  0|AC  0|TAMS 0x0000000740e00000, 0x0000000740e00000|
|  14|0x0000000740e00000, 0x0000000740f00000, 0x0000000740f00000|100%|HC|  |TS  0|AC  0|TAMS 0x0000000740f00000, 0x0000000740f00000|
|  15|0x0000000740f00000, 0x0000000741000000, 0x0000000741000000|100%|HS|  |TS  0|AC  0|TAMS 0x0000000741000000, 0x0000000741000000|
|  16|0x0000000741000000, 0x0000000741100000, 0x0000000741100000|100%|HC|  |TS  0|AC  0|TAMS 0x0000000741100000, 0x0000000741100000|
|  17|0x0000000741100000, 0x0000000741200000, 0x0000000741200000|100%|HS|  |TS  0|AC  0|TAMS 0x0000000741200000, 0x0000000741200000|
|  18|0x0000000741200000, 0x0000000741300000, 0x0000000741300000|100%|HC|  |TS  0|AC  0|TAMS 0x0000000741300000, 0x0000000741300000|
|  19|0x0000000741300000, 0x0000000741400000, 0x0000000741400000|100%|HC|  |TS  0|AC  0|TAMS 0x0000000741400000, 0x0000000741400000|
|  20|0x0000000741400000, 0x0000000741500000, 0x0000000741500000|100%|HC|  |TS  0|AC  0|TAMS 0x0000000741500000, 0x0000000741500000|
|  21|0x0000000741500000, 0x0000000741600000, 0x0000000741600000|100%|HC|  |TS  0|AC  0|TAMS 0x0000000741600000, 0x0000000741600000|
|  22|0x0000000741600000, 0x0000000741700000, 0x0000000741700000|100%|HC|  |TS  0|AC  0|TAMS 0x0000000741700000, 0x0000000741700000|
|  23|0x0000000741700000, 0x0000000741800000, 0x0000000741800000|100%|HC|  |TS  0|AC  0|TAMS 0x0000000741800000, 0x0000000741800000|
|  24|0x0000000741800000, 0x0000000741900000, 0x0000000741900000|100%| O|  |TS  0|AC  0|TAMS 0x0000000741900000, 0x0000000741900000|
|  25|0x0000000741900000, 0x0000000741a00000, 0x0000000741a00000|100%| O|  |TS 31|AC  0|TAMS 0x00000007419dc600, 0x00000007419dc600|
|  26|0x0000000741a00000, 0x0000000741b00000, 0x0000000741b00000|100%| O|  |TS  0|AC  0|TAMS 0x0000000741b00000, 0x0000000741b00000|
|  27|0x0000000741b00000, 0x0000000741c00000, 0x0000000741c00000|100%| O|  |TS  0|AC  0|TAMS 0x0000000741c00000, 0x0000000741c00000|
|  28|0x0000000741c00000, 0x0000000741d00000, 0x0000000741d00000|100%| O|  |TS  0|AC  0|TAMS 0x0000000741d00000, 0x0000000741d00000|
|  29|0x0000000741d00000, 0x0000000741e00000, 0x0000000741e00000|100%| O|  |TS  0|AC  0|TAMS 0x0000000741e00000, 0x0000000741e00000|
|  30|0x0000000741e00000, 0x0000000741f00000, 0x0000000741f00000|100%|HS|  |TS  0|AC  0|TAMS 0x0000000741e00000, 0x0000000741e00000|
|  31|0x0000000741f00000, 0x0000000742000000, 0x0000000742000000|100%|HC|  |TS  0|AC  0|TAMS 0x0000000741f00000, 0x0000000741f00000|
|  32|0x0000000742000000, 0x0000000742100000, 0x0000000742100000|100%| O|  |TS 67|AC  0|TAMS 0x0000000742000000, 0x0000000742000000|
|  33|0x0000000742100000, 0x0000000742200000, 0x0000000742200000|100%| O|  |TS 75|AC  0|TAMS 0x0000000742100000, 0x0000000742100000|
|  34|0x0000000742200000, 0x0000000742300000, 0x0000000742300000|100%| O|  |TS 87|AC  0|TAMS 0x0000000742200000, 0x0000000742200000|
|  35|0x0000000742300000, 0x0000000742400000, 0x0000000742400000|100%| O|  |TS 99|AC  0|TAMS 0x0000000742300000, 0x0000000742300000|
|  36|0x0000000742400000, 0x0000000742500000, 0x0000000742500000|100%| O|  |TS109|AC  0|TAMS 0x0000000742400000, 0x0000000742400000|
|  37|0x0000000742500000, 0x0000000742600000, 0x0000000742600000|100%| O|  |TS121|AC  0|TAMS 0x0000000742500000, 0x0000000742500000|
|  38|0x0000000742600000, 0x0000000742700000, 0x0000000742700000|100%| O|  |TS133|AC  0|TAMS 0x0000000742600000, 0x0000000742600000|
|  39|0x0000000742700000, 0x0000000742800000, 0x0000000742800000|100%| O|  |TS147|AC  0|TAMS 0x0000000742700000, 0x0000000742700000|
|  40|0x0000000742800000, 0x0000000742900000, 0x0000000742900000|100%| O|  |TS161|AC  0|TAMS 0x0000000742800000, 0x0000000742800000|
|  41|0x0000000742900000, 0x0000000742a00000, 0x0000000742a00000|100%| O|  |TS175|AC  0|TAMS 0x0000000742900000, 0x0000000742900000|
|  42|0x0000000742a00000, 0x0000000742b00000, 0x0000000742b00000|100%| O|  |TS189|AC  0|TAMS 0x0000000742a00000, 0x0000000742a00000|
|  43|0x0000000742b00000, 0x0000000742c00000, 0x0000000742c00000|100%| O|  |TS203|AC  0|TAMS 0x0000000742b00000, 0x0000000742b00000|
|  44|0x0000000742c00000, 0x0000000742d00000, 0x0000000742d00000|100%| O|  |TS217|AC  0|TAMS 0x0000000742c00000, 0x0000000742c00000|
|  45|0x0000000742d00000, 0x0000000742d70e00, 0x0000000742e00000| 44%| O|  |TS227|AC  0|TAMS 0x0000000742d00000, 0x0000000742d00000|
|  46|0x0000000742e00000, 0x0000000742e00000, 0x0000000742f00000|  0%| F|  |TS  0|AC  0|TAMS 0x0000000742e00000, 0x0000000742e00000|
|  47|0x0000000742f00000, 0x0000000742f00000, 0x0000000743000000|  0%| F|  |TS  0|AC  0|TAMS 0x0000000742f00000, 0x0000000742f00000|
|  48|0x0000000743000000, 0x0000000743000000, 0x0000000743100000|  0%| F|  |TS  0|AC  0|TAMS 0x0000000743000000, 0x0000000743000000|
|  49|0x0000000743100000, 0x0000000743100000, 0x0000000743200000|  0%| F|  |TS  0|AC  0|TAMS 0x0000000743100000, 0x0000000743100000|
|  50|0x0000000743200000, 0x0000000743200000, 0x0000000743300000|  0%| F|  |TS  0|AC  0|TAMS 0x0000000743200000, 0x0000000743200000|
|  51|0x0000000743300000, 0x0000000743300000, 0x0000000743400000|  0%| F|  |TS  0|AC  0|TAMS 0x0000000743300000, 0x0000000743300000|
|  52|0x0000000743400000, 0x0000000743400000, 0x0000000743500000|  0%| F|  |TS  0|AC  0|TAMS 0x0000000743400000, 0x0000000743400000|
|  53|0x0000000743500000, 0x0000000743500000, 0x0000000743600000|  0%| F|  |TS  0|AC  0|TAMS 0x0000000743500000, 0x0000000743500000|
|  54|0x0000000743600000, 0x0000000743700000, 0x0000000743700000|100%| O|  |TS  0|AC  0|TAMS 0x0000000743700000, 0x0000000743700000|
|  55|0x0000000743700000, 0x0000000743800000, 0x0000000743800000|100%|HS|  |TS  0|AC  0|TAMS 0x0000000743800000, 0x0000000743800000|
|  56|0x0000000743800000, 0x0000000743900000, 0x0000000743900000|100%|HC|  |TS  0|AC  0|TAMS 0x0000000743900000, 0x0000000743900000|
|  57|0x0000000743900000, 0x0000000743a00000, 0x0000000743a00000|100%|HC|  |TS  0|AC  0|TAMS 0x0000000743a00000, 0x0000000743a00000|
|  58|0x0000000743a00000, 0x0000000743b00000, 0x0000000743b00000|100%|HC|  |TS  0|AC  0|TAMS 0x0000000743b00000, 0x0000000743b00000|
|  59|0x0000000743b00000, 0x0000000743c00000, 0x0000000743c00000|100%|HC|  |TS  0|AC  0|TAMS 0x0000000743c00000, 0x0000000743c00000|
|  60|0x0000000743c00000, 0x0000000743d00000, 0x0000000743d00000|100%|HC|  |TS  0|AC  0|TAMS 0x0000000743d00000, 0x0000000743d00000|
|  61|0x0000000743d00000, 0x0000000743e00000, 0x0000000743e00000|100%|HC|  |TS  0|AC  0|TAMS 0x0000000743e00000, 0x0000000743e00000|
|  62|0x0000000743e00000, 0x0000000743f00000, 0x0000000743f00000|100%|HC|  |TS  0|AC  0|TAMS 0x0000000743f00000, 0x0000000743f00000|
|  63|0x0000000743f00000, 0x0000000744000000, 0x0000000744000000|100%|HC|  |TS  0|AC  0|TAMS 0x0000000744000000, 0x0000000744000000|
|  64|0x0000000744000000, 0x0000000744100000, 0x0000000744100000|100%| O|  |TS  0|AC  0|TAMS 0x0000000744100000, 0x0000000744100000|
|  65|0x0000000744100000, 0x0000000744100000, 0x0000000744200000|  0%| F|  |TS  0|AC  0|TAMS 0x0000000744100000, 0x0000000744100000|
|  66|0x0000000744200000, 0x0000000744200000, 0x0000000744300000|  0%| F|  |TS  0|AC  0|TAMS 0x0000000744200000, 0x0000000744200000|
|  67|0x0000000744300000, 0x0000000744300000, 0x0000000744400000|  0%| F|  |TS  0|AC  0|TAMS 0x0000000744300000, 0x0000000744300000|
|  68|0x0000000744400000, 0x0000000744400000, 0x0000000744500000|  0%| F|  |TS 13|AC  0|TAMS 0x0000000744400000, 0x0000000744400000|
|  69|0x0000000744500000, 0x0000000744500000, 0x0000000744600000|  0%| F|  |TS 79|AC  0|TAMS 0x0000000744500000, 0x0000000744500000|
|  70|0x0000000744600000, 0x0000000744600000, 0x0000000744700000|  0%| F|  |TS101|AC  0|TAMS 0x0000000744600000, 0x0000000744600000|
|  71|0x0000000744700000, 0x0000000744700000, 0x0000000744800000|  0%| F|  |TS107|AC  0|TAMS 0x0000000744700000, 0x0000000744700000|
|  72|0x0000000744800000, 0x0000000744800000, 0x0000000744900000|  0%| F|  |TS123|AC  0|TAMS 0x0000000744800000, 0x0000000744800000|
|  73|0x0000000744900000, 0x0000000744900000, 0x0000000744a00000|  0%| F|  |TS123|AC  0|TAMS 0x0000000744900000, 0x0000000744900000|
|  74|0x0000000744a00000, 0x0000000744a00000, 0x0000000744b00000|  0%| F|  |TS141|AC  0|TAMS 0x0000000744a00000, 0x0000000744a00000|
|  75|0x0000000744b00000, 0x0000000744b00000, 0x0000000744c00000|  0%| F|  |TS149|AC  0|TAMS 0x0000000744b00000, 0x0000000744b00000|
|  76|0x0000000744c00000, 0x0000000744c00000, 0x0000000744d00000|  0%| F|  |TS177|AC  0|TAMS 0x0000000744c00000, 0x0000000744c00000|
|  77|0x0000000744d00000, 0x0000000744e00000, 0x0000000744e00000|100%| O|  |TS  0|AC  0|TAMS 0x0000000744e00000, 0x0000000744e00000|
|  78|0x0000000744e00000, 0x0000000744e00000, 0x0000000744f00000|  0%| F|  |TS187|AC  0|TAMS 0x0000000744e00000, 0x0000000744e00000|
|  79|0x0000000744f00000, 0x0000000744f00000, 0x0000000745000000|  0%| F|  |TS201|AC  0|TAMS 0x0000000744f00000, 0x0000000744f00000|
|  80|0x0000000745000000, 0x0000000745000000, 0x0000000745100000|  0%| F|  |TS219|AC  0|TAMS 0x0000000745000000, 0x0000000745000000|
|  81|0x0000000745100000, 0x0000000745100000, 0x0000000745200000|  0%| F|  |TS223|AC  0|TAMS 0x0000000745100000, 0x0000000745100000|
|  82|0x0000000745200000, 0x0000000745200000, 0x0000000745300000|  0%| F|  |TS227|AC  0|TAMS 0x0000000745200000, 0x0000000745200000|
|  83|0x0000000745300000, 0x0000000745300000, 0x0000000745400000|  0%| F|  |TS227|AC  0|TAMS 0x0000000745300000, 0x0000000745300000|
|  84|0x0000000745400000, 0x0000000745400000, 0x0000000745500000|  0%| F|  |TS227|AC  0|TAMS 0x0000000745400000, 0x0000000745400000|
|  85|0x0000000745500000, 0x00000007455b7200, 0x0000000745600000| 71%| S|CS|TS227|AC  0|TAMS 0x0000000745500000, 0x0000000745500000|
|  86|0x0000000745600000, 0x0000000745700000, 0x0000000745700000|100%| S|CS|TS227|AC  0|TAMS 0x0000000745600000, 0x0000000745600000|
|  87|0x0000000745700000, 0x0000000745800000, 0x0000000745800000|100%| S|CS|TS227|AC  0|TAMS 0x0000000745700000, 0x0000000745700000|
|  88|0x0000000745800000, 0x0000000745800000, 0x0000000745900000|  0%| F|  |TS227|AC  0|TAMS 0x0000000745800000, 0x0000000745800000|
|  89|0x0000000745900000, 0x0000000745900000, 0x0000000745a00000|  0%| F|  |TS227|AC  0|TAMS 0x0000000745900000, 0x0000000745900000|
|  90|0x0000000745a00000, 0x0000000745a00000, 0x0000000745b00000|  0%| F|  |TS227|AC  0|TAMS 0x0000000745a00000, 0x0000000745a00000|
|  91|0x0000000745b00000, 0x0000000745b00000, 0x0000000745c00000|  0%| F|  |TS227|AC  0|TAMS 0x0000000745b00000, 0x0000000745b00000|
|  92|0x0000000745c00000, 0x0000000745c00000, 0x0000000745d00000|  0%| F|  |TS227|AC  0|TAMS 0x0000000745c00000, 0x0000000745c00000|
|  93|0x0000000745d00000, 0x0000000745d00000, 0x0000000745e00000|  0%| F|  |TS227|AC  0|TAMS 0x0000000745d00000, 0x0000000745d00000|
|  94|0x0000000745e00000, 0x0000000745e00000, 0x0000000745f00000|  0%| F|  |TS227|AC  0|TAMS 0x0000000745e00000, 0x0000000745e00000|
|  95|0x0000000745f00000, 0x0000000745f00000, 0x0000000746000000|  0%| F|  |TS227|AC  0|TAMS 0x0000000745f00000, 0x0000000745f00000|
|  96|0x0000000746000000, 0x0000000746000000, 0x0000000746100000|  0%| F|  |TS227|AC  0|TAMS 0x0000000746000000, 0x0000000746000000|
|  97|0x0000000746100000, 0x0000000746100000, 0x0000000746200000|  0%| F|  |TS227|AC  0|TAMS 0x0000000746100000, 0x0000000746100000|
|  98|0x0000000746200000, 0x0000000746200000, 0x0000000746300000|  0%| F|  |TS227|AC  0|TAMS 0x0000000746200000, 0x0000000746200000|
|  99|0x0000000746300000, 0x0000000746300000, 0x0000000746400000|  0%| F|  |TS227|AC  0|TAMS 0x0000000746300000, 0x0000000746300000|
| 100|0x0000000746400000, 0x0000000746400000, 0x0000000746500000|  0%| F|  |TS227|AC  0|TAMS 0x0000000746400000, 0x0000000746400000|
| 101|0x0000000746500000, 0x0000000746500000, 0x0000000746600000|  0%| F|  |TS227|AC  0|TAMS 0x0000000746500000, 0x0000000746500000|
| 102|0x0000000746600000, 0x0000000746600000, 0x0000000746700000|  0%| F|  |TS227|AC  0|TAMS 0x0000000746600000, 0x0000000746600000|
| 103|0x0000000746700000, 0x0000000746700000, 0x0000000746800000|  0%| F|  |TS227|AC  0|TAMS 0x0000000746700000, 0x0000000746700000|
| 104|0x0000000746800000, 0x0000000746800000, 0x0000000746900000|  0%| F|  |TS227|AC  0|TAMS 0x0000000746800000, 0x0000000746800000|
| 105|0x0000000746900000, 0x0000000746900000, 0x0000000746a00000|  0%| F|  |TS227|AC  0|TAMS 0x0000000746900000, 0x0000000746900000|
| 106|0x0000000746a00000, 0x0000000746a00000, 0x0000000746b00000|  0%| F|  |TS227|AC  0|TAMS 0x0000000746a00000, 0x0000000746a00000|
| 107|0x0000000746b00000, 0x0000000746b00000, 0x0000000746c00000|  0%| F|  |TS227|AC  0|TAMS 0x0000000746b00000, 0x0000000746b00000|
| 108|0x0000000746c00000, 0x0000000746d00000, 0x0000000746d00000|100%| O|  |TS  0|AC  0|TAMS 0x0000000746d00000, 0x0000000746d00000|
| 109|0x0000000746d00000, 0x0000000746e00000, 0x0000000746e00000|100%| O|  |TS  0|AC  0|TAMS 0x0000000746e00000, 0x0000000746e00000|
| 110|0x0000000746e00000, 0x0000000746f00000, 0x0000000746f00000|100%| O|  |TS  0|AC  0|TAMS 0x0000000746f00000, 0x0000000746f00000|
| 111|0x0000000746f00000, 0x0000000746f00000, 0x0000000747000000|  0%| F|  |TS227|AC  0|TAMS 0x0000000746f00000, 0x0000000746f00000|
| 112|0x0000000747000000, 0x0000000747000000, 0x0000000747100000|  0%| F|  |TS227|AC  0|TAMS 0x0000000747000000, 0x0000000747000000|
| 113|0x0000000747100000, 0x0000000747100000, 0x0000000747200000|  0%| F|  |TS227|AC  0|TAMS 0x0000000747100000, 0x0000000747100000|
| 114|0x0000000747200000, 0x0000000747200000, 0x0000000747300000|  0%| F|  |TS227|AC  0|TAMS 0x0000000747200000, 0x0000000747200000|
| 115|0x0000000747300000, 0x0000000747300000, 0x0000000747400000|  0%| F|  |TS227|AC  0|TAMS 0x0000000747300000, 0x0000000747300000|
| 116|0x0000000747400000, 0x0000000747400000, 0x0000000747500000|  0%| F|  |TS227|AC  0|TAMS 0x0000000747400000, 0x0000000747400000|
| 117|0x0000000747500000, 0x0000000747500000, 0x0000000747600000|  0%| F|  |TS227|AC  0|TAMS 0x0000000747500000, 0x0000000747500000|
| 118|0x0000000747600000, 0x0000000747600000, 0x0000000747700000|  0%| F|  |TS227|AC  0|TAMS 0x0000000747600000, 0x0000000747600000|
| 119|0x0000000747700000, 0x0000000747700000, 0x0000000747800000|  0%| F|  |TS227|AC  0|TAMS 0x0000000747700000, 0x0000000747700000|
| 120|0x0000000747800000, 0x0000000747800000, 0x0000000747900000|  0%| F|  |TS227|AC  0|TAMS 0x0000000747800000, 0x0000000747800000|
| 121|0x0000000747900000, 0x0000000747900000, 0x0000000747a00000|  0%| F|  |TS227|AC  0|TAMS 0x0000000747900000, 0x0000000747900000|
| 122|0x0000000747a00000, 0x0000000747a00000, 0x0000000747b00000|  0%| F|  |TS227|AC  0|TAMS 0x0000000747a00000, 0x0000000747a00000|
| 123|0x0000000747b00000, 0x0000000747b00000, 0x0000000747c00000|  0%| F|  |TS227|AC  0|TAMS 0x0000000747b00000, 0x0000000747b00000|
| 124|0x0000000747c00000, 0x0000000747c00000, 0x0000000747d00000|  0%| F|  |TS227|AC  0|TAMS 0x0000000747c00000, 0x0000000747c00000|
| 125|0x0000000747d00000, 0x0000000747d00000, 0x0000000747e00000|  0%| F|  |TS227|AC  0|TAMS 0x0000000747d00000, 0x0000000747d00000|
| 126|0x0000000747e00000, 0x0000000747e00000, 0x0000000747f00000|  0%| F|  |TS227|AC  0|TAMS 0x0000000747e00000, 0x0000000747e00000|
| 127|0x0000000747f00000, 0x0000000747f00000, 0x0000000748000000|  0%| F|  |TS227|AC  0|TAMS 0x0000000747f00000, 0x0000000747f00000|
| 128|0x0000000748000000, 0x0000000748100000, 0x0000000748100000|100%|HS|  |TS  0|AC  0|TAMS 0x0000000748100000, 0x0000000748100000|
| 129|0x0000000748100000, 0x0000000748200000, 0x0000000748200000|100%|HC|  |TS  0|AC  0|TAMS 0x0000000748200000, 0x0000000748200000|
| 130|0x0000000748200000, 0x0000000748300000, 0x0000000748300000|100%|HC|  |TS  0|AC  0|TAMS 0x0000000748300000, 0x0000000748300000|
| 131|0x0000000748300000, 0x0000000748400000, 0x0000000748400000|100%|HC|  |TS  0|AC  0|TAMS 0x0000000748400000, 0x0000000748400000|
| 132|0x0000000748400000, 0x0000000748500000, 0x0000000748500000|100%|HC|  |TS  0|AC  0|TAMS 0x0000000748500000, 0x0000000748500000|
| 133|0x0000000748500000, 0x0000000748600000, 0x0000000748600000|100%|HC|  |TS  0|AC  0|TAMS 0x0000000748600000, 0x0000000748600000|
| 134|0x0000000748600000, 0x0000000748700000, 0x0000000748700000|100%|HC|  |TS  0|AC  0|TAMS 0x0000000748700000, 0x0000000748700000|
| 135|0x0000000748700000, 0x0000000748800000, 0x0000000748800000|100%|HC|  |TS  0|AC  0|TAMS 0x0000000748800000, 0x0000000748800000|
| 136|0x0000000748800000, 0x0000000748900000, 0x0000000748900000|100%|HC|  |TS  0|AC  0|TAMS 0x0000000748900000, 0x0000000748900000|
| 137|0x0000000748900000, 0x0000000748900000, 0x0000000748a00000|  0%| F|  |TS227|AC  0|TAMS 0x0000000748900000, 0x0000000748900000|
| 138|0x0000000748a00000, 0x0000000748a00000, 0x0000000748b00000|  0%| F|  |TS227|AC  0|TAMS 0x0000000748a00000, 0x0000000748a00000|
| 139|0x0000000748b00000, 0x0000000748b00000, 0x0000000748c00000|  0%| F|  |TS227|AC  0|TAMS 0x0000000748b00000, 0x0000000748b00000|
| 140|0x0000000748c00000, 0x0000000748c00000, 0x0000000748d00000|  0%| F|  |TS227|AC  0|TAMS 0x0000000748c00000, 0x0000000748c00000|
| 141|0x0000000748d00000, 0x0000000748d00000, 0x0000000748e00000|  0%| F|  |TS227|AC  0|TAMS 0x0000000748d00000, 0x0000000748d00000|
| 142|0x0000000748e00000, 0x0000000748e00000, 0x0000000748f00000|  0%| F|  |TS227|AC  0|TAMS 0x0000000748e00000, 0x0000000748e00000|
| 143|0x0000000748f00000, 0x0000000748f00000, 0x0000000749000000|  0%| F|  |TS227|AC  0|TAMS 0x0000000748f00000, 0x0000000748f00000|
| 144|0x0000000749000000, 0x0000000749000000, 0x0000000749100000|  0%| F|  |TS227|AC  0|TAMS 0x0000000749000000, 0x0000000749000000|
| 145|0x0000000749100000, 0x0000000749100000, 0x0000000749200000|  0%| F|  |TS227|AC  0|TAMS 0x0000000749100000, 0x0000000749100000|
| 146|0x0000000749200000, 0x0000000749200000, 0x0000000749300000|  0%| F|  |TS227|AC  0|TAMS 0x0000000749200000, 0x0000000749200000|
| 147|0x0000000749300000, 0x0000000749300000, 0x0000000749400000|  0%| F|  |TS227|AC  0|TAMS 0x0000000749300000, 0x0000000749300000|
| 148|0x0000000749400000, 0x0000000749400000, 0x0000000749500000|  0%| F|  |TS227|AC  0|TAMS 0x0000000749400000, 0x0000000749400000|
| 149|0x0000000749500000, 0x0000000749500000, 0x0000000749600000|  0%| F|  |TS227|AC  0|TAMS 0x0000000749500000, 0x0000000749500000|
| 150|0x0000000749600000, 0x0000000749600000, 0x0000000749700000|  0%| F|  |TS227|AC  0|TAMS 0x0000000749600000, 0x0000000749600000|
| 151|0x0000000749700000, 0x0000000749700000, 0x0000000749800000|  0%| F|  |TS227|AC  0|TAMS 0x0000000749700000, 0x0000000749700000|
| 152|0x0000000749800000, 0x0000000749800000, 0x0000000749900000|  0%| F|  |TS227|AC  0|TAMS 0x0000000749800000, 0x0000000749800000|
| 153|0x0000000749900000, 0x0000000749900000, 0x0000000749a00000|  0%| F|  |TS227|AC  0|TAMS 0x0000000749900000, 0x0000000749900000|
| 154|0x0000000749a00000, 0x0000000749a00000, 0x0000000749b00000|  0%| F|  |TS227|AC  0|TAMS 0x0000000749a00000, 0x0000000749a00000|
| 155|0x0000000749b00000, 0x0000000749c00000, 0x0000000749c00000|100%|HS|  |TS  0|AC  0|TAMS 0x0000000749c00000, 0x0000000749c00000|
| 156|0x0000000749c00000, 0x0000000749d00000, 0x0000000749d00000|100%|HC|  |TS  0|AC  0|TAMS 0x0000000749d00000, 0x0000000749d00000|
| 157|0x0000000749d00000, 0x0000000749e00000, 0x0000000749e00000|100%|HC|  |TS  0|AC  0|TAMS 0x0000000749e00000, 0x0000000749e00000|
| 158|0x0000000749e00000, 0x0000000749f00000, 0x0000000749f00000|100%|HC|  |TS  0|AC  0|TAMS 0x0000000749f00000, 0x0000000749f00000|
| 159|0x0000000749f00000, 0x000000074a000000, 0x000000074a000000|100%|HC|  |TS  0|AC  0|TAMS 0x000000074a000000, 0x000000074a000000|
| 160|0x000000074a000000, 0x000000074a100000, 0x000000074a100000|100%|HC|  |TS  0|AC  0|TAMS 0x000000074a100000, 0x000000074a100000|
| 161|0x000000074a100000, 0x000000074a200000, 0x000000074a200000|100%|HC|  |TS  0|AC  0|TAMS 0x000000074a200000, 0x000000074a200000|
| 162|0x000000074a200000, 0x000000074a300000, 0x000000074a300000|100%|HC|  |TS  0|AC  0|TAMS 0x000000074a300000, 0x000000074a300000|
| 163|0x000000074a300000, 0x000000074a400000, 0x000000074a400000|100%|HC|  |TS  0|AC  0|TAMS 0x000000074a400000, 0x000000074a400000|
| 164|0x000000074a400000, 0x000000074a400000, 0x000000074a500000|  0%| F|  |TS227|AC  0|TAMS 0x000000074a400000, 0x000000074a400000|
| 165|0x000000074a500000, 0x000000074a500000, 0x000000074a600000|  0%| F|  |TS227|AC  0|TAMS 0x000000074a500000, 0x000000074a500000|
| 166|0x000000074a600000, 0x000000074a600000, 0x000000074a700000|  0%| F|  |TS227|AC  0|TAMS 0x000000074a600000, 0x000000074a600000|
| 167|0x000000074a700000, 0x000000074a700000, 0x000000074a800000|  0%| F|  |TS227|AC  0|TAMS 0x000000074a700000, 0x000000074a700000|
| 168|0x000000074a800000, 0x000000074a800000, 0x000000074a900000|  0%| F|  |TS227|AC  0|TAMS 0x000000074a800000, 0x000000074a800000|
| 169|0x000000074a900000, 0x000000074a900000, 0x000000074aa00000|  0%| F|  |TS227|AC  0|TAMS 0x000000074a900000, 0x000000074a900000|
| 170|0x000000074aa00000, 0x000000074aa00000, 0x000000074ab00000|  0%| F|  |TS227|AC  0|TAMS 0x000000074aa00000, 0x000000074aa00000|
| 171|0x000000074ab00000, 0x000000074ab00000, 0x000000074ac00000|  0%| F|  |TS227|AC  0|TAMS 0x000000074ab00000, 0x000000074ab00000|
| 172|0x000000074ac00000, 0x000000074ac00000, 0x000000074ad00000|  0%| F|  |TS227|AC  0|TAMS 0x000000074ac00000, 0x000000074ac00000|
| 173|0x000000074ad00000, 0x000000074ad00000, 0x000000074ae00000|  0%| F|  |TS227|AC  0|TAMS 0x000000074ad00000, 0x000000074ad00000|
| 174|0x000000074ae00000, 0x000000074ae00000, 0x000000074af00000|  0%| F|  |TS227|AC  0|TAMS 0x000000074ae00000, 0x000000074ae00000|
| 175|0x000000074af00000, 0x000000074af00000, 0x000000074b000000|  0%| F|  |TS227|AC  0|TAMS 0x000000074af00000, 0x000000074af00000|
| 176|0x000000074b000000, 0x000000074b000000, 0x000000074b100000|  0%| F|  |TS227|AC  0|TAMS 0x000000074b000000, 0x000000074b000000|
| 177|0x000000074b100000, 0x000000074b100000, 0x000000074b200000|  0%| F|  |TS227|AC  0|TAMS 0x000000074b100000, 0x000000074b100000|
| 178|0x000000074b200000, 0x000000074b200000, 0x000000074b300000|  0%| F|  |TS227|AC  0|TAMS 0x000000074b200000, 0x000000074b200000|
| 179|0x000000074b300000, 0x000000074b300000, 0x000000074b400000|  0%| F|  |TS227|AC  0|TAMS 0x000000074b300000, 0x000000074b300000|
| 180|0x000000074b400000, 0x000000074b400000, 0x000000074b500000|  0%| F|  |TS227|AC  0|TAMS 0x000000074b400000, 0x000000074b400000|
| 181|0x000000074b500000, 0x000000074b500000, 0x000000074b600000|  0%| F|  |TS227|AC  0|TAMS 0x000000074b500000, 0x000000074b500000|
| 182|0x000000074b600000, 0x000000074b600000, 0x000000074b700000|  0%| F|  |TS227|AC  0|TAMS 0x000000074b600000, 0x000000074b600000|
| 183|0x000000074b700000, 0x000000074b700000, 0x000000074b800000|  0%| F|  |TS227|AC  0|TAMS 0x000000074b700000, 0x000000074b700000|
| 184|0x000000074b800000, 0x000000074b800000, 0x000000074b900000|  0%| F|  |TS227|AC  0|TAMS 0x000000074b800000, 0x000000074b800000|
| 185|0x000000074b900000, 0x000000074b900000, 0x000000074ba00000|  0%| F|  |TS227|AC  0|TAMS 0x000000074b900000, 0x000000074b900000|
| 186|0x000000074ba00000, 0x000000074ba00000, 0x000000074bb00000|  0%| F|  |TS227|AC  0|TAMS 0x000000074ba00000, 0x000000074ba00000|
| 187|0x000000074bb00000, 0x000000074bb00000, 0x000000074bc00000|  0%| F|  |TS227|AC  0|TAMS 0x000000074bb00000, 0x000000074bb00000|
| 188|0x000000074bc00000, 0x000000074bc00000, 0x000000074bd00000|  0%| F|  |TS227|AC  0|TAMS 0x000000074bc00000, 0x000000074bc00000|
| 189|0x000000074bd00000, 0x000000074bd00000, 0x000000074be00000|  0%| F|  |TS227|AC  0|TAMS 0x000000074bd00000, 0x000000074bd00000|
| 190|0x000000074be00000, 0x000000074be00000, 0x000000074bf00000|  0%| F|  |TS227|AC  0|TAMS 0x000000074be00000, 0x000000074be00000|
| 191|0x000000074bf00000, 0x000000074bf00000, 0x000000074c000000|  0%| F|  |TS227|AC  0|TAMS 0x000000074bf00000, 0x000000074bf00000|
| 192|0x000000074c000000, 0x000000074c000000, 0x000000074c100000|  0%| F|  |TS227|AC  0|TAMS 0x000000074c000000, 0x000000074c000000|
| 193|0x000000074c100000, 0x000000074c100000, 0x000000074c200000|  0%| F|  |TS227|AC  0|TAMS 0x000000074c100000, 0x000000074c100000|
| 194|0x000000074c200000, 0x000000074c200000, 0x000000074c300000|  0%| F|  |TS227|AC  0|TAMS 0x000000074c200000, 0x000000074c200000|
| 195|0x000000074c300000, 0x000000074c300000, 0x000000074c400000|  0%| F|  |TS227|AC  0|TAMS 0x000000074c300000, 0x000000074c300000|
| 196|0x000000074c400000, 0x000000074c400000, 0x000000074c500000|  0%| F|  |TS227|AC  0|TAMS 0x000000074c400000, 0x000000074c400000|
| 197|0x000000074c500000, 0x000000074c500000, 0x000000074c600000|  0%| F|  |TS227|AC  0|TAMS 0x000000074c500000, 0x000000074c500000|
| 198|0x000000074c600000, 0x000000074c600000, 0x000000074c700000|  0%| F|  |TS227|AC  0|TAMS 0x000000074c600000, 0x000000074c600000|
| 199|0x000000074c700000, 0x000000074c700000, 0x000000074c800000|  0%| F|  |TS227|AC  0|TAMS 0x000000074c700000, 0x000000074c700000|
| 200|0x000000074c800000, 0x000000074c800000, 0x000000074c900000|  0%| F|  |TS227|AC  0|TAMS 0x000000074c800000, 0x000000074c800000|
| 201|0x000000074c900000, 0x000000074c900000, 0x000000074ca00000|  0%| F|  |TS227|AC  0|TAMS 0x000000074c900000, 0x000000074c900000|
| 202|0x000000074ca00000, 0x000000074ca00000, 0x000000074cb00000|  0%| F|  |TS227|AC  0|TAMS 0x000000074ca00000, 0x000000074ca00000|
| 203|0x000000074cb00000, 0x000000074cb00000, 0x000000074cc00000|  0%| F|  |TS227|AC  0|TAMS 0x000000074cb00000, 0x000000074cb00000|
| 204|0x000000074cc00000, 0x000000074cc00000, 0x000000074cd00000|  0%| F|  |TS227|AC  0|TAMS 0x000000074cc00000, 0x000000074cc00000|
| 205|0x000000074cd00000, 0x000000074ce00000, 0x000000074ce00000|100%| E|  |TS227|AC  0|TAMS 0x000000074cd00000, 0x000000074cd00000|
| 206|0x000000074ce00000, 0x000000074cf00000, 0x000000074cf00000|100%| E|CS|TS227|AC  0|TAMS 0x000000074ce00000, 0x000000074ce00000|
| 207|0x000000074cf00000, 0x000000074d000000, 0x000000074d000000|100%| E|CS|TS227|AC  0|TAMS 0x000000074cf00000, 0x000000074cf00000|
| 208|0x000000074d000000, 0x000000074d100000, 0x000000074d100000|100%| E|CS|TS227|AC  0|TAMS 0x000000074d000000, 0x000000074d000000|
| 209|0x000000074d100000, 0x000000074d200000, 0x000000074d200000|100%| E|CS|TS227|AC  0|TAMS 0x000000074d100000, 0x000000074d100000|
| 210|0x000000074d200000, 0x000000074d300000, 0x000000074d300000|100%| E|CS|TS227|AC  0|TAMS 0x000000074d200000, 0x000000074d200000|
| 211|0x000000074d300000, 0x000000074d400000, 0x000000074d400000|100%| E|CS|TS227|AC  0|TAMS 0x000000074d300000, 0x000000074d300000|
| 212|0x000000074d400000, 0x000000074d500000, 0x000000074d500000|100%| E|CS|TS227|AC  0|TAMS 0x000000074d400000, 0x000000074d400000|
| 213|0x000000074d500000, 0x000000074d600000, 0x000000074d600000|100%| E|CS|TS227|AC  0|TAMS 0x000000074d500000, 0x000000074d500000|
| 214|0x000000074d600000, 0x000000074d700000, 0x000000074d700000|100%| E|CS|TS227|AC  0|TAMS 0x000000074d600000, 0x000000074d600000|
| 215|0x000000074d700000, 0x000000074d800000, 0x000000074d800000|100%| E|CS|TS227|AC  0|TAMS 0x000000074d700000, 0x000000074d700000|
| 216|0x000000074d800000, 0x000000074d900000, 0x000000074d900000|100%| E|CS|TS227|AC  0|TAMS 0x000000074d800000, 0x000000074d800000|
| 217|0x000000074d900000, 0x000000074da00000, 0x000000074da00000|100%| E|CS|TS227|AC  0|TAMS 0x000000074d900000, 0x000000074d900000|
| 218|0x000000074da00000, 0x000000074db00000, 0x000000074db00000|100%| E|CS|TS227|AC  0|TAMS 0x000000074da00000, 0x000000074da00000|
| 219|0x000000074db00000, 0x000000074dc00000, 0x000000074dc00000|100%| E|CS|TS227|AC  0|TAMS 0x000000074db00000, 0x000000074db00000|
| 220|0x000000074dc00000, 0x000000074dd00000, 0x000000074dd00000|100%| E|CS|TS227|AC  0|TAMS 0x000000074dc00000, 0x000000074dc00000|
| 221|0x000000074dd00000, 0x000000074de00000, 0x000000074de00000|100%| E|CS|TS227|AC  0|TAMS 0x000000074dd00000, 0x000000074dd00000|
| 222|0x000000074de00000, 0x000000074df00000, 0x000000074df00000|100%| E|CS|TS227|AC  0|TAMS 0x000000074de00000, 0x000000074de00000|
| 223|0x000000074df00000, 0x000000074e000000, 0x000000074e000000|100%| E|CS|TS227|AC  0|TAMS 0x000000074df00000, 0x000000074df00000|
| 224|0x000000074e000000, 0x000000074e100000, 0x000000074e100000|100%| E|CS|TS227|AC  0|TAMS 0x000000074e000000, 0x000000074e000000|
| 225|0x000000074e100000, 0x000000074e200000, 0x000000074e200000|100%| E|CS|TS227|AC  0|TAMS 0x000000074e100000, 0x000000074e100000|
| 226|0x000000074e200000, 0x000000074e300000, 0x000000074e300000|100%| E|CS|TS227|AC  0|TAMS 0x000000074e200000, 0x000000074e200000|
| 227|0x000000074e300000, 0x000000074e400000, 0x000000074e400000|100%| E|CS|TS227|AC  0|TAMS 0x000000074e300000, 0x000000074e300000|
| 228|0x000000074e400000, 0x000000074e500000, 0x000000074e500000|100%| E|CS|TS227|AC  0|TAMS 0x000000074e400000, 0x000000074e400000|
| 229|0x000000074e500000, 0x000000074e600000, 0x000000074e600000|100%| E|CS|TS227|AC  0|TAMS 0x000000074e500000, 0x000000074e500000|
| 230|0x000000074e600000, 0x000000074e700000, 0x000000074e700000|100%| E|CS|TS227|AC  0|TAMS 0x000000074e600000, 0x000000074e600000|
| 231|0x000000074e700000, 0x000000074e800000, 0x000000074e800000|100%| E|CS|TS227|AC  0|TAMS 0x000000074e700000, 0x000000074e700000|
| 232|0x000000074e800000, 0x000000074e900000, 0x000000074e900000|100%| E|CS|TS227|AC  0|TAMS 0x000000074e800000, 0x000000074e800000|
| 233|0x000000074e900000, 0x000000074ea00000, 0x000000074ea00000|100%| E|CS|TS227|AC  0|TAMS 0x000000074e900000, 0x000000074e900000|
| 234|0x000000074ea00000, 0x000000074eb00000, 0x000000074eb00000|100%| E|CS|TS227|AC  0|TAMS 0x000000074ea00000, 0x000000074ea00000|
| 235|0x000000074eb00000, 0x000000074ec00000, 0x000000074ec00000|100%| E|CS|TS227|AC  0|TAMS 0x000000074eb00000, 0x000000074eb00000|
| 236|0x000000074ec00000, 0x000000074ed00000, 0x000000074ed00000|100%| E|CS|TS227|AC  0|TAMS 0x000000074ec00000, 0x000000074ec00000|

Card table byte_map: [0x0000000111e78000,0x0000000112278000] byte_map_base: 0x000000010e478000

Marking Bits (Prev, Next): (CMBitMap*) 0x00007fcfb40348a8, (CMBitMap*) 0x00007fcfb4034870
 Prev Bits: [0x000000012ee35000, 0x0000000130e35000)
 Next Bits: [0x000000012ce35000, 0x000000012ee35000)

Polling page: 0x000000010fb79000

CodeHeap 'non-profiled nmethods': size=120032Kb used=2802Kb max_used=2802Kb free=117229Kb
 bounds [0x00000001258fd000, 0x0000000125bbd000, 0x000000012ce35000]
CodeHeap 'profiled nmethods': size=120032Kb used=11483Kb max_used=11483Kb free=108548Kb
 bounds [0x000000011e3c5000, 0x000000011ef05000, 0x00000001258fd000]
CodeHeap 'non-nmethods': size=5696Kb used=1650Kb max_used=1703Kb free=4045Kb
 bounds [0x000000011de35000, 0x000000011e0a5000, 0x000000011e3c5000]
 total_blobs=8139 nmethods=5259 adapters=991
 compilation: enabled

Compilation events (10 events):
Event: 52.165 Thread 0x00007fcfb4085800 5722       3       com.sun.javafx.sg.prism.NGCamera::getPositionInWorld (22 bytes)
Event: 52.166 Thread 0x00007fcfb4085800 nmethod 5722 0x000000011ef01110 code [0x000000011ef012e0, 0x000000011ef01630]
Event: 52.665 Thread 0x00007fcfb4084800 5725       4       java.awt.EventDispatchThread$HierarchyEventFilter::acceptEvent (225 bytes)
Event: 52.665 Thread 0x00007fcfb4084800 nmethod 5725 0x0000000125bb9510 code [0x0000000125bb96a0, 0x0000000125bb9738]
Event: 52.834 Thread 0x00007fcfb4085800 5726       3       com.sun.prism.impl.BaseResourcePool$WeakLinkedList::getResource (11 bytes)
Event: 52.834 Thread 0x00007fcfb4085800 nmethod 5726 0x000000011ef01790 code [0x000000011ef01960, 0x000000011ef01c68]
Event: 52.855 Thread 0x00007fcfb4085800 5728       3       java.util.concurrent.CopyOnWriteArrayList::isEmpty (13 bytes)
Event: 52.855 Thread 0x00007fcfb4085800 nmethod 5728 0x000000011ef01d90 code [0x000000011ef01f40, 0x000000011ef021f0]
Event: 52.855 Thread 0x00007fcfb4085800 5727       1       com.sun.glass.ui.InvokeLaterDispatcher$Future::isDone (5 bytes)
Event: 52.855 Thread 0x00007fcfb4085800 nmethod 5727 0x0000000125bb9810 code [0x0000000125bb99c0, 0x0000000125bb9ad0]

GC Heap History (10 events):
Event: 51.251 GC heap before
{Heap before GC invocations=137 (full 0):
 garbage-first heap   total 242688K, used 212094K [0x0000000740000000, 0x0000000740100768, 0x00000007c0000000)
  region size 1024K, 130 young (133120K), 4 survivors (4096K)
 Metaspace       used 41120K, capacity 45228K, committed 45564K, reserved 1089536K
  class space    used 5362K, capacity 6032K, committed 6140K, reserved 1048576K
}
Event: 51.253 GC heap after
{Heap after GC invocations=138 (full 0):
 garbage-first heap   total 242688K, used 82011K [0x0000000740000000, 0x0000000740100768, 0x00000007c0000000)
  region size 1024K, 2 young (2048K), 2 survivors (2048K)
 Metaspace       used 41120K, capacity 45228K, committed 45564K, reserved 1089536K
  class space    used 5362K, capacity 6032K, committed 6140K, reserved 1048576K
}
Event: 51.621 GC heap before
{Heap before GC invocations=138 (full 0):
 garbage-first heap   total 242688K, used 215131K [0x0000000740000000, 0x0000000740100768, 0x00000007c0000000)
  region size 1024K, 132 young (135168K), 2 survivors (2048K)
 Metaspace       used 41145K, capacity 45292K, committed 45564K, reserved 1089536K
  class space    used 5362K, capacity 6032K, committed 6140K, reserved 1048576K
}
Event: 51.624 GC heap after
{Heap after GC invocations=139 (full 0):
 garbage-first heap   total 242688K, used 82664K [0x0000000740000000, 0x0000000740100768, 0x00000007c0000000)
  region size 1024K, 3 young (3072K), 3 survivors (3072K)
 Metaspace       used 41145K, capacity 45292K, committed 45564K, reserved 1089536K
  class space    used 5362K, capacity 6032K, committed 6140K, reserved 1048576K
}
Event: 52.017 GC heap before
{Heap before GC invocations=139 (full 0):
 garbage-first heap   total 242688K, used 213736K [0x0000000740000000, 0x0000000740100768, 0x00000007c0000000)
  region size 1024K, 131 young (134144K), 3 survivors (3072K)
 Metaspace       used 41182K, capacity 45296K, committed 45564K, reserved 1089536K
  class space    used 5362K, capacity 6032K, committed 6140K, reserved 1048576K
}
Event: 52.020 GC heap after
{Heap after GC invocations=140 (full 0):
 garbage-first heap   total 242688K, used 82612K [0x0000000740000000, 0x0000000740100768, 0x00000007c0000000)
  region size 1024K, 3 young (3072K), 3 survivors (3072K)
 Metaspace       used 41182K, capacity 45296K, committed 45564K, reserved 1089536K
  class space    used 5362K, capacity 6032K, committed 6140K, reserved 1048576K
}
Event: 52.417 GC heap before
{Heap before GC invocations=140 (full 0):
 garbage-first heap   total 242688K, used 213684K [0x0000000740000000, 0x0000000740100768, 0x00000007c0000000)
  region size 1024K, 131 young (134144K), 3 survivors (3072K)
 Metaspace       used 41223K, capacity 45360K, committed 45564K, reserved 1089536K
  class space    used 5362K, capacity 6032K, committed 6140K, reserved 1048576K
}
Event: 52.419 GC heap after
{Heap after GC invocations=141 (full 0):
 garbage-first heap   total 242688K, used 82445K [0x0000000740000000, 0x0000000740100768, 0x00000007c0000000)
  region size 1024K, 3 young (3072K), 3 survivors (3072K)
 Metaspace       used 41223K, capacity 45360K, committed 45564K, reserved 1089536K
  class space    used 5362K, capacity 6032K, committed 6140K, reserved 1048576K
}
Event: 52.775 GC heap before
{Heap before GC invocations=141 (full 0):
 garbage-first heap   total 242688K, used 213517K [0x0000000740000000, 0x0000000740100768, 0x00000007c0000000)
  region size 1024K, 131 young (134144K), 3 survivors (3072K)
 Metaspace       used 41223K, capacity 45360K, committed 45564K, reserved 1089536K
  class space    used 5362K, capacity 6032K, committed 6140K, reserved 1048576K
}
Event: 52.778 GC heap after
{Heap after GC invocations=142 (full 0):
 garbage-first heap   total 242688K, used 83104K [0x0000000740000000, 0x0000000740100768, 0x00000007c0000000)
  region size 1024K, 3 young (3072K), 3 survivors (3072K)
 Metaspace       used 41223K, capacity 45360K, committed 45564K, reserved 1089536K
  class space    used 5362K, capacity 6032K, committed 6140K, reserved 1048576K
}

Deoptimization events (10 events):
Event: 14.282 Thread 0x00007fcfb5ba4800 Uncommon trap: reason=unstable_if action=reinterpret pc=0x00000001259cb5f0 method=java.util.concurrent.locks.ReentrantLock$Sync.nonfairTryAcquire(I)Z @ 34 c2
Event: 14.307 Thread 0x00007fcfb5ba4800 Uncommon trap: reason=unstable_if action=reinterpret pc=0x0000000125afca68 method=sun.java2d.pipe.Region.isInsideQuickCheck(Lsun/java2d/pipe/Region;)Z @ 48 c2
Event: 45.434 Thread 0x00007fcfb5ba4800 Uncommon trap: reason=unstable_if action=reinterpret pc=0x0000000125b76ffc method=java.awt.ModalEventFilter.acceptEvent(Ljava/awt/AWTEvent;)Ljava/awt/EventFilter$FilterAction; @ 58 c2
Event: 45.435 Thread 0x00007fcfb5ba4800 Uncommon trap: reason=unstable_if action=reinterpret pc=0x0000000125b4b7c0 method=java.awt.EventQueue.getPriority(Ljava/awt/AWTEvent;)I @ 22 c2
Event: 45.435 Thread 0x00007fcfb5ba4800 Uncommon trap: reason=unstable_if action=reinterpret pc=0x0000000125b98e9c method=java.awt.WaitDispatchSupport$1.evaluate()Z @ 80 c2
Event: 45.450 Thread 0x00007fcfb5ba4800 Uncommon trap: reason=unstable_if action=reinterpret pc=0x0000000125b121b8 method=javax.swing.RepaintManager.addDirtyRegion0(Ljava/awt/Container;IIII)V @ 69 c2
Event: 45.461 Thread 0x00007fcfb5ba4800 Uncommon trap: reason=unstable_if action=reinterpret pc=0x0000000125b85cf0 method=java.awt.geom.Rectangle2D.intersects(DDDD)Z @ 64 c2
Event: 52.040 Thread 0x00007fcfb410a800 Uncommon trap: reason=unstable_if action=reinterpret pc=0x0000000125a77920 method=javafx.scene.Node.pickNode(Lcom/sun/javafx/geom/PickRay;Lcom/sun/javafx/scene/input/PickResultChooser;)V @ 18 c2
Event: 52.838 Thread 0x00007fcfb410a800 Uncommon trap: reason=unstable_if action=reinterpret pc=0x0000000125b7c110 method=java.util.concurrent.locks.AbstractQueuedSynchronizer.doReleaseShared()V @ 6 c2
Event: 52.858 Thread 0x00007fcfbc18c000 Uncommon trap: reason=unstable_if action=reinterpret pc=0x0000000125b0277c method=java.security.AccessControlContext.optimize()Ljava/security/AccessControlContext; @ 49 c2

Classes redefined (0 events):
No events

Internal exceptions (10 events):
Event: 9.050 Thread 0x00007fcfb410a800 Exception <a 'java/lang/NoSuchMethodError'{0x0000000747e5e7b0}: java.lang.invoke.DirectMethodHandle$Holder.invokeStatic(Ljava/lang/Object;Ljava/lang/Object;IIII)Ljava/lang/Object;> (0x0000000747e5e7b0) thrown at [/scratch/mesos/slaves/5af44a71-976a-41b7-8
Event: 9.050 Thread 0x00007fcfb410a800 Exception <a 'java/lang/NoSuchMethodError'{0x0000000747e62288}: method resolution failed> (0x0000000747e62288) thrown at [/scratch/mesos/slaves/5af44a71-976a-41b7-81de-5773b84ec572-S38393/frameworks/1735e8a2-a1db-478c-8104-60c8b0af87dd-0196/executors/8b85
Event: 9.214 Thread 0x00007fcfb410a800 Exception <a 'java/lang/NoSuchMethodError'{0x0000000747f68120}: method resolution failed> (0x0000000747f68120) thrown at [/scratch/mesos/slaves/5af44a71-976a-41b7-81de-5773b84ec572-S38393/frameworks/1735e8a2-a1db-478c-8104-60c8b0af87dd-0196/executors/8b85
Event: 9.214 Thread 0x00007fcfb410a800 Exception <a 'java/lang/NoSuchMethodError'{0x0000000747f6f4a8}: method resolution failed> (0x0000000747f6f4a8) thrown at [/scratch/mesos/slaves/5af44a71-976a-41b7-81de-5773b84ec572-S38393/frameworks/1735e8a2-a1db-478c-8104-60c8b0af87dd-0196/executors/8b85
Event: 9.215 Thread 0x00007fcfb410a800 Exception <a 'java/lang/NoSuchMethodError'{0x0000000747f73418}: method resolution failed> (0x0000000747f73418) thrown at [/scratch/mesos/slaves/5af44a71-976a-41b7-81de-5773b84ec572-S38393/frameworks/1735e8a2-a1db-478c-8104-60c8b0af87dd-0196/executors/8b85
Event: 11.814 Thread 0x00007fcfb5ba4800 Exception <a 'java/lang/NoSuchMethodError'{0x000000074be50d00}: method resolution failed> (0x000000074be50d00) thrown at [/scratch/mesos/slaves/5af44a71-976a-41b7-81de-5773b84ec572-S38393/frameworks/1735e8a2-a1db-478c-8104-60c8b0af87dd-0196/executors/8b85
Event: 12.025 Thread 0x00007fcfb4000000 Exception <a 'java/lang/NullPointerException'{0x000000074c480800}> (0x000000074c480800) thrown at [/scratch/mesos/slaves/5af44a71-976a-41b7-81de-5773b84ec572-S38393/frameworks/1735e8a2-a1db-478c-8104-60c8b0af87dd-0196/executors/8b855640-c399-41ea-b65f-522
Event: 14.640 Thread 0x00007fcfb4000000 Exception <a 'java/lang/NullPointerException'{0x000000074ec90010}> (0x000000074ec90010) thrown at [/scratch/mesos/slaves/5af44a71-976a-41b7-81de-5773b84ec572-S38393/frameworks/1735e8a2-a1db-478c-8104-60c8b0af87dd-0196/executors/8b855640-c399-41ea-b65f-522
Event: 14.640 Thread 0x00007fcfb4000000 Exception <a 'java/lang/NullPointerException'{0x000000074ec90220}> (0x000000074ec90220) thrown at [/scratch/mesos/slaves/5af44a71-976a-41b7-81de-5773b84ec572-S38393/frameworks/1735e8a2-a1db-478c-8104-60c8b0af87dd-0196/executors/8b855640-c399-41ea-b65f-522
Event: 52.858 Thread 0x00007fcfbc18c000 Implicit null exception at 0x0000000125b01b63 to 0x0000000125b02769

Events (10 events):
Event: 52.858 loading class com/sun/javafx/tk/quantum/QuantumToolkit
Event: 52.858 loading class com/sun/javafx/tk/quantum/QuantumToolkit done
Event: 52.858 Thread 0x00007fcfb5072000 Thread exited: 0x00007fcfb5072000
Event: 52.858 Thread 0x00007fcfb58aa000 Thread exited: 0x00007fcfb58aa000
Event: 52.858 Thread 0x00007fcfb5802800 Thread exited: 0x00007fcfb5802800
Event: 52.858 Thread 0x00007fcfb410a800 Thread exited: 0x00007fcfb410a800
Event: 52.858 Thread 0x00007fcfbc18c000 Thread added: 0x00007fcfbc18c000
Event: 52.858 Thread 0x00007fcfbc18c000 Uncommon trap: trap_request=0xffffff5d fr.pc=0x0000000125b0277c relative=0x0000000000000c5c
Event: 52.858 Thread 0x00007fcfbc18c000 DEOPT PACKING pc=0x0000000125b0277c sp=0x000070000f385730
Event: 52.858 Thread 0x00007fcfbc18c000 DEOPT UNPACKING pc=0x000000011de82c9f sp=0x000070000f3856f0 mode 2


Dynamic libraries:
0x00007fff297be000 	/System/Library/Frameworks/Cocoa.framework/Versions/A/Cocoa
0x00007fff35b5c000 	/System/Library/Frameworks/Security.framework/Versions/A/Security
0x00007fff2842d000 	/System/Library/Frameworks/ApplicationServices.framework/Versions/A/ApplicationServices
0x00007fff516c3000 	/usr/lib/libz.1.dylib
0x00007fff4f658000 	/usr/lib/libSystem.B.dylib
0x00007fff29f66000 	/System/Library/Frameworks/CoreFoundation.framework/Versions/A/CoreFoundation
0x00007fff2c0c1000 	/System/Library/Frameworks/Foundation.framework/Versions/C/Foundation
0x00007fff50cdb000 	/usr/lib/libobjc.A.dylib
0x00007fff2757e000 	/System/Library/Frameworks/AppKit.framework/Versions/C/AppKit
0x00007fff29b36000 	/System/Library/Frameworks/CoreData.framework/Versions/A/CoreData
0x00007fff4909f000 	/System/Library/PrivateFrameworks/RemoteViewServices.framework/Versions/A/RemoteViewServices
0x00007fff4d6ee000 	/System/Library/PrivateFrameworks/UIFoundation.framework/Versions/A/UIFoundation
0x00007fff3e100000 	/System/Library/PrivateFrameworks/DFRFoundation.framework/Versions/A/DFRFoundation
0x00007fff2e546000 	/System/Library/Frameworks/Metal.framework/Versions/A/Metal
0x00007fff3e2a1000 	/System/Library/PrivateFrameworks/DesktopServicesPriv.framework/Versions/A/DesktopServicesPriv
0x00007fff502dd000 	/usr/lib/libenergytrace.dylib
0x00007fff4b813000 	/System/Library/PrivateFrameworks/SkyLight.framework/Versions/A/SkyLight
0x00007fff2a401000 	/System/Library/Frameworks/CoreGraphics.framework/Versions/A/CoreGraphics
0x00007fff4f653000 	/usr/lib/libScreenReader.dylib
0x00007fff262b6000 	/System/Library/Frameworks/Accelerate.framework/Versions/A/Accelerate
0x00007fff2c838000 	/System/Library/Frameworks/IOSurface.framework/Versions/A/IOSurface
0x00007fff28977000 	/System/Library/Frameworks/AudioToolbox.framework/Versions/A/AudioToolbox
0x00007fff28c04000 	/System/Library/Frameworks/AudioUnit.framework/Versions/A/AudioUnit
0x00007fff3e19c000 	/System/Library/PrivateFrameworks/DataDetectorsCore.framework/Versions/A/DataDetectorsCore
0x00007fff292c5000 	/System/Library/Frameworks/Carbon.framework/Versions/A/Frameworks/HIToolbox.framework/Versions/A/HIToolbox
0x00007fff50437000 	/usr/lib/libicucore.A.dylib
0x00007fff350db000 	/System/Library/Frameworks/QuartzCore.framework/Versions/A/QuartzCore
0x00007fff296ab000 	/System/Library/Frameworks/Carbon.framework/Versions/A/Frameworks/SpeechRecognition.framework/Versions/A/SpeechRecognition
0x00007fff4f836000 	/usr/lib/libauto.dylib
0x00007fff515b2000 	/usr/lib/libxml2.2.dylib
0x00007fff3dd7a000 	/System/Library/PrivateFrameworks/CoreUI.framework/Versions/A/CoreUI
0x00007fff29a12000 	/System/Library/Frameworks/CoreAudio.framework/Versions/A/CoreAudio
0x00007fff2befb000 	/System/Library/Frameworks/DiskArbitration.framework/Versions/A/DiskArbitration
0x00007fff506ab000 	/usr/lib/liblangid.dylib
0x00007fff455eb000 	/System/Library/PrivateFrameworks/MultitouchSupport.framework/Versions/A/MultitouchSupport
0x00007fff2c79b000 	/System/Library/Frameworks/IOKit.framework/Versions/A/IOKit
0x00007fff4f2f0000 	/usr/lib/libDiagnosticMessagesClient.dylib
0x00007fff2b0dc000 	/System/Library/Frameworks/CoreServices.framework/Versions/A/CoreServices
0x00007fff47085000 	/System/Library/PrivateFrameworks/PerformanceAnalysis.framework/Versions/A/PerformanceAnalysis
0x00007fff34285000 	/System/Library/Frameworks/OpenGL.framework/Versions/A/OpenGL
0x00007fff297cc000 	/System/Library/Frameworks/ColorSync.framework/Versions/A/ColorSync
0x00007fff2aa2e000 	/System/Library/Frameworks/CoreImage.framework/Versions/A/CoreImage
0x00007fff2ba6c000 	/System/Library/Frameworks/CoreText.framework/Versions/A/CoreText
0x00007fff2c896000 	/System/Library/Frameworks/ImageIO.framework/Versions/A/ImageIO
0x00007fff3a5d4000 	/System/Library/PrivateFrameworks/Backup.framework/Versions/A/Backup
0x00007fff4f704000 	/usr/lib/libarchive.2.dylib
0x00007fff28f19000 	/System/Library/Frameworks/CFNetwork.framework/Versions/A/CFNetwork
0x00007fff362d8000 	/System/Library/Frameworks/SystemConfiguration.framework/Versions/A/SystemConfiguration
0x00007fff4f219000 	/usr/lib/libCRFSuite.dylib
0x00007fff4f90e000 	/usr/lib/libc++.1.dylib
0x00007fff4f965000 	/usr/lib/libc++abi.dylib
0x00007fff51773000 	/usr/lib/system/libcache.dylib
0x00007fff51778000 	/usr/lib/system/libcommonCrypto.dylib
0x00007fff51783000 	/usr/lib/system/libcompiler_rt.dylib
0x00007fff5178b000 	/usr/lib/system/libcopyfile.dylib
0x00007fff51794000 	/usr/lib/system/libcorecrypto.dylib
0x00007fff518a1000 	/usr/lib/system/libdispatch.dylib
0x00007fff518db000 	/usr/lib/system/libdyld.dylib
0x00007fff518f9000 	/usr/lib/system/libkeymgr.dylib
0x00007fff51907000 	/usr/lib/system/liblaunch.dylib
0x00007fff51908000 	/usr/lib/system/libmacho.dylib
0x00007fff5190d000 	/usr/lib/system/libquarantine.dylib
0x00007fff51910000 	/usr/lib/system/libremovefile.dylib
0x00007fff51912000 	/usr/lib/system/libsystem_asl.dylib
0x00007fff5192a000 	/usr/lib/system/libsystem_blocks.dylib
0x00007fff5192b000 	/usr/lib/system/libsystem_c.dylib
0x00007fff519b5000 	/usr/lib/system/libsystem_configuration.dylib
0x00007fff519b9000 	/usr/lib/system/libsystem_coreservices.dylib
0x00007fff519bd000 	/usr/lib/system/libsystem_darwin.dylib
0x00007fff519bf000 	/usr/lib/system/libsystem_dnssd.dylib
0x00007fff519c6000 	/usr/lib/system/libsystem_info.dylib
0x00007fff51a36000 	/usr/lib/system/libsystem_m.dylib
0x00007fff51a82000 	/usr/lib/system/libsystem_malloc.dylib
0x00007fff51aa2000 	/usr/lib/system/libsystem_network.dylib
0x00007fff51b47000 	/usr/lib/system/libsystem_networkextension.dylib
0x00007fff51b52000 	/usr/lib/system/libsystem_notify.dylib
0x00007fff51b70000 	/usr/lib/system/libsystem_sandbox.dylib
0x00007fff51b74000 	/usr/lib/system/libsystem_secinit.dylib
0x00007fff51a10000 	/usr/lib/system/libsystem_kernel.dylib
0x00007fff51b5c000 	/usr/lib/system/libsystem_platform.dylib
0x00007fff51b64000 	/usr/lib/system/libsystem_pthread.dylib
0x00007fff51b76000 	/usr/lib/system/libsystem_symptoms.dylib
0x00007fff51b7e000 	/usr/lib/system/libsystem_trace.dylib
0x00007fff51b93000 	/usr/lib/system/libunwind.dylib
0x00007fff51b99000 	/usr/lib/system/libxpc.dylib
0x00007fff4f146000 	/usr/lib/closure/libclosured.dylib
0x00007fff4f8ef000 	/usr/lib/libbsm.0.dylib
0x00007fff518fa000 	/usr/lib/system/libkxld.dylib
0x00007fff4f52a000 	/usr/lib/libOpenScriptingUtil.dylib
0x00007fff4fc5f000 	/usr/lib/libcoretls.dylib
0x00007fff4fc78000 	/usr/lib/libcoretls_cfhelpers.dylib
0x00007fff510df000 	/usr/lib/libpam.2.dylib
0x00007fff51205000 	/usr/lib/libsqlite3.dylib
0x00007fff515a1000 	/usr/lib/libxar.1.dylib
0x00007fff4f900000 	/usr/lib/libbz2.1.0.dylib
0x00007fff506ad000 	/usr/lib/liblzma.5.dylib
0x00007fff50b8e000 	/usr/lib/libnetwork.dylib
0x00007fff4f6ed000 	/usr/lib/libapple_nghttp2.dylib
0x00007fff510e6000 	/usr/lib/libpcap.A.dylib
0x00007fff4f837000 	/usr/lib/libboringssl.dylib
0x00007fff51563000 	/usr/lib/libusrtcp.dylib
0x00007fff4f6ec000 	/usr/lib/libapple_crypto.dylib
0x00007fff2b45f000 	/System/Library/Frameworks/CoreServices.framework/Versions/A/Frameworks/FSEvents.framework/Versions/A/FSEvents
0x00007fff2b152000 	/System/Library/Frameworks/CoreServices.framework/Versions/A/Frameworks/CarbonCore.framework/Versions/A/CarbonCore
0x00007fff2b621000 	/System/Library/Frameworks/CoreServices.framework/Versions/A/Frameworks/Metadata.framework/Versions/A/Metadata
0x00007fff2b6d1000 	/System/Library/Frameworks/CoreServices.framework/Versions/A/Frameworks/OSServices.framework/Versions/A/OSServices
0x00007fff2b72f000 	/System/Library/Frameworks/CoreServices.framework/Versions/A/Frameworks/SearchKit.framework/Versions/A/SearchKit
0x00007fff2b0dd000 	/System/Library/Frameworks/CoreServices.framework/Versions/A/Frameworks/AE.framework/Versions/A/AE
0x00007fff2b468000 	/System/Library/Frameworks/CoreServices.framework/Versions/A/Frameworks/LaunchServices.framework/Versions/A/LaunchServices
0x00007fff2b42a000 	/System/Library/Frameworks/CoreServices.framework/Versions/A/Frameworks/DictionaryServices.framework/Versions/A/DictionaryServices
0x00007fff2b79e000 	/System/Library/Frameworks/CoreServices.framework/Versions/A/Frameworks/SharedFileList.framework/Versions/A/SharedFileList
0x00007fff2f712000 	/System/Library/Frameworks/NetFS.framework/Versions/A/NetFS
0x00007fff45878000 	/System/Library/PrivateFrameworks/NetAuth.framework/Versions/A/NetAuth
0x00007fff4efe0000 	/System/Library/PrivateFrameworks/login.framework/Versions/A/Frameworks/loginsupport.framework/Versions/A/loginsupport
0x00007fff4d372000 	/System/Library/PrivateFrameworks/TCC.framework/Versions/A/TCC
0x00007fff5078e000 	/usr/lib/libmecabra.dylib
0x00007fff2842e000 	/System/Library/Frameworks/ApplicationServices.framework/Versions/A/Frameworks/ATS.framework/Versions/A/ATS
0x00007fff287dc000 	/System/Library/Frameworks/ApplicationServices.framework/Versions/A/Frameworks/ColorSyncLegacy.framework/Versions/A/ColorSyncLegacy
0x00007fff28880000 	/System/Library/Frameworks/ApplicationServices.framework/Versions/A/Frameworks/HIServices.framework/Versions/A/HIServices
0x00007fff288d3000 	/System/Library/Frameworks/ApplicationServices.framework/Versions/A/Frameworks/LangAnalysis.framework/Versions/A/LangAnalysis
0x00007fff288e2000 	/System/Library/Frameworks/ApplicationServices.framework/Versions/A/Frameworks/PrintCore.framework/Versions/A/PrintCore
0x00007fff2892f000 	/System/Library/Frameworks/ApplicationServices.framework/Versions/A/Frameworks/QD.framework/Versions/A/QD
0x00007fff2896a000 	/System/Library/Frameworks/ApplicationServices.framework/Versions/A/Frameworks/SpeechSynthesis.framework/Versions/A/SpeechSynthesis
0x00007fff29e99000 	/System/Library/Frameworks/CoreDisplay.framework/Versions/A/CoreDisplay
0x00007fff262cf000 	/System/Library/Frameworks/Accelerate.framework/Versions/A/Frameworks/vImage.framework/Versions/A/vImage
0x00007fff2728e000 	/System/Library/Frameworks/Accelerate.framework/Versions/A/Frameworks/vecLib.framework/Versions/A/vecLib
0x00007fff27064000 	/System/Library/Frameworks/Accelerate.framework/Versions/A/Frameworks/vecLib.framework/Versions/A/libvDSP.dylib
0x00007fff26bc0000 	/System/Library/Frameworks/Accelerate.framework/Versions/A/Frameworks/vecLib.framework/Versions/A/libBNNS.dylib
0x00007fff26fec000 	/System/Library/Frameworks/Accelerate.framework/Versions/A/Frameworks/vecLib.framework/Versions/A/libQuadrature.dylib
0x00007fff271d8000 	/System/Library/Frameworks/Accelerate.framework/Versions/A/Frameworks/vecLib.framework/Versions/A/libvMisc.dylib
0x00007fff26bfb000 	/System/Library/Frameworks/Accelerate.framework/Versions/A/Frameworks/vecLib.framework/Versions/A/libLAPACK.dylib
0x00007fff26a1e000 	/System/Library/Frameworks/Accelerate.framework/Versions/A/Frameworks/vecLib.framework/Versions/A/libBLAS.dylib
0x00007fff26fd5000 	/System/Library/Frameworks/Accelerate.framework/Versions/A/Frameworks/vecLib.framework/Versions/A/libLinearAlgebra.dylib
0x00007fff26ff2000 	/System/Library/Frameworks/Accelerate.framework/Versions/A/Frameworks/vecLib.framework/Versions/A/libSparse.dylib
0x00007fff27051000 	/System/Library/Frameworks/Accelerate.framework/Versions/A/Frameworks/vecLib.framework/Versions/A/libSparseBLAS.dylib
0x00007fff43f34000 	/System/Library/PrivateFrameworks/IOAccelerator.framework/Versions/A/IOAccelerator
0x00007fff43f3f000 	/System/Library/PrivateFrameworks/IOPresentment.framework/Versions/A/IOPresentment
0x00007fff3e112000 	/System/Library/PrivateFrameworks/DSExternalDisplay.framework/Versions/A/DSExternalDisplay
0x00007fff33707000 	/System/Library/Frameworks/OpenGL.framework/Versions/A/Libraries/libCoreFSCache.dylib
0x00007fff2bbbb000 	/System/Library/Frameworks/CoreVideo.framework/Versions/A/CoreVideo
0x00007fff43587000 	/System/Library/PrivateFrameworks/GraphVisualizer.framework/Versions/A/GraphVisualizer
0x00007fff2e709000 	/System/Library/Frameworks/MetalPerformanceShaders.framework/Versions/A/MetalPerformanceShaders
0x00007fff4f328000 	/usr/lib/libFosl_dynamic.dylib
0x00007fff3f145000 	/System/Library/PrivateFrameworks/FaceCore.framework/Versions/A/FaceCore
0x00007fff3250f000 	/System/Library/Frameworks/OpenCL.framework/Versions/A/OpenCL
0x00007fff4f99c000 	/usr/lib/libcompression.dylib
0x00007fff2852d000 	/System/Library/Frameworks/ApplicationServices.framework/Versions/A/Frameworks/ATS.framework/Versions/A/Resources/libFontParser.dylib
0x00007fff28650000 	/System/Library/Frameworks/ApplicationServices.framework/Versions/A/Frameworks/ATS.framework/Versions/A/Resources/libFontRegistry.dylib
0x00007fff2caff000 	/System/Library/Frameworks/ImageIO.framework/Versions/A/Resources/libJPEG.dylib
0x00007fff2ce29000 	/System/Library/Frameworks/ImageIO.framework/Versions/A/Resources/libTIFF.dylib
0x00007fff2cdff000 	/System/Library/Frameworks/ImageIO.framework/Versions/A/Resources/libPng.dylib
0x00007fff2ca12000 	/System/Library/Frameworks/ImageIO.framework/Versions/A/Resources/libGIF.dylib
0x00007fff2ca17000 	/System/Library/Frameworks/ImageIO.framework/Versions/A/Resources/libJP2.dylib
0x00007fff2ce26000 	/System/Library/Frameworks/ImageIO.framework/Versions/A/Resources/libRadiance.dylib
0x00007fff39d35000 	/System/Library/PrivateFrameworks/AppleJPEG.framework/Versions/A/AppleJPEG
0x00007fff45369000 	/System/Library/PrivateFrameworks/MetalTools.framework/Versions/A/MetalTools
0x00007fff2e5e2000 	/System/Library/Frameworks/MetalPerformanceShaders.framework/Frameworks/MPSCore.framework/Versions/A/MPSCore
0x00007fff2e5f8000 	/System/Library/Frameworks/MetalPerformanceShaders.framework/Frameworks/MPSImage.framework/Versions/A/MPSImage
0x00007fff2e664000 	/System/Library/Frameworks/MetalPerformanceShaders.framework/Frameworks/MPSMatrix.framework/Versions/A/MPSMatrix
0x00007fff2e688000 	/System/Library/Frameworks/MetalPerformanceShaders.framework/Frameworks/MPSNeuralNetwork.framework/Versions/A/MPSNeuralNetwork
0x00007fff338cf000 	/System/Library/Frameworks/OpenGL.framework/Versions/A/Libraries/libGLU.dylib
0x00007fff33711000 	/System/Library/Frameworks/OpenGL.framework/Versions/A/Libraries/libGFXShared.dylib
0x00007fff3371a000 	/System/Library/Frameworks/OpenGL.framework/Versions/A/Libraries/libGL.dylib
0x00007fff33726000 	/System/Library/Frameworks/OpenGL.framework/Versions/A/Libraries/libGLImage.dylib
0x00007fff33704000 	/System/Library/Frameworks/OpenGL.framework/Versions/A/Libraries/libCVMSPluginSupport.dylib
0x00007fff3370c000 	/System/Library/Frameworks/OpenGL.framework/Versions/A/Libraries/libCoreVMClient.dylib
0x00007fff50149000 	/usr/lib/libcups.2.dylib
0x00007fff2dbb0000 	/System/Library/Frameworks/Kerberos.framework/Versions/A/Kerberos
0x00007fff2c4f6000 	/System/Library/Frameworks/GSS.framework/Versions/A/GSS
0x00007fff51199000 	/usr/lib/libresolv.9.dylib
0x00007fff50345000 	/usr/lib/libiconv.2.dylib
0x00007fff4360e000 	/System/Library/PrivateFrameworks/Heimdal.framework/Versions/A/Heimdal
0x00007fff50314000 	/usr/lib/libheimdal-asn1.dylib
0x00007fff3257a000 	/System/Library/Frameworks/OpenDirectory.framework/Versions/A/OpenDirectory
0x00007fff3bfea000 	/System/Library/PrivateFrameworks/CommonAuth.framework/Versions/A/CommonAuth
0x00007fff3255d000 	/System/Library/Frameworks/OpenDirectory.framework/Versions/A/Frameworks/CFOpenDirectory.framework/Versions/A/CFOpenDirectory
0x00007fff35e74000 	/System/Library/Frameworks/SecurityFoundation.framework/Versions/A/SecurityFoundation
0x00007fff38f26000 	/System/Library/PrivateFrameworks/APFS.framework/Versions/A/APFS
0x00007fff5159d000 	/usr/lib/libutil.dylib
0x00007fff39db8000 	/System/Library/PrivateFrameworks/AppleSauce.framework/Versions/A/AppleSauce
0x00007fff44716000 	/System/Library/PrivateFrameworks/LinguisticData.framework/Versions/A/LinguisticData
0x00007fff506c7000 	/usr/lib/libmarisa.dylib
0x00007fff446d0000 	/System/Library/PrivateFrameworks/Lexicon.framework/Versions/A/Lexicon
0x00007fff4f253000 	/usr/lib/libChineseTokenizer.dylib
0x00007fff4f98b000 	/usr/lib/libcmph.dylib
0x00007fff445da000 	/System/Library/PrivateFrameworks/LanguageModeling.framework/Versions/A/LanguageModeling
0x00007fff3ca00000 	/System/Library/PrivateFrameworks/CoreEmoji.framework/Versions/A/CoreEmoji
0x00007fff35f30000 	/System/Library/Frameworks/ServiceManagement.framework/Versions/A/ServiceManagement
0x00007fff3a5cc000 	/System/Library/PrivateFrameworks/BackgroundTaskManagement.framework/Versions/A/BackgroundTaskManagement
0x00007fff5169a000 	/usr/lib/libxslt.1.dylib
0x00007fff295d5000 	/System/Library/Frameworks/Carbon.framework/Versions/A/Frameworks/Ink.framework/Versions/A/Ink
0x00007fff4d586000 	/System/Library/PrivateFrameworks/TextureIO.framework/Versions/A/TextureIO
0x00007fff4f72f000 	/usr/lib/libate.dylib
0x00007fff3e074000 	/System/Library/PrivateFrameworks/CrashReporterSupport.framework/Versions/A/CrashReporterSupport
0x00007fff4a9db000 	/System/Library/PrivateFrameworks/Sharing.framework/Versions/A/Sharing
0x00007fff44320000 	/System/Library/PrivateFrameworks/IconServices.framework/Versions/A/IconServices
0x00007fff48ea1000 	/System/Library/PrivateFrameworks/ProtocolBuffer.framework/Versions/A/ProtocolBuffer
0x00007fff39bc0000 	/System/Library/PrivateFrameworks/Apple80211.framework/Versions/A/Apple80211
0x00007fff2bbf6000 	/System/Library/Frameworks/CoreWLAN.framework/Versions/A/CoreWLAN
0x00007fff3deaf000 	/System/Library/PrivateFrameworks/CoreUtils.framework/Versions/A/CoreUtils
0x00007fff2c638000 	/System/Library/Frameworks/IOBluetooth.framework/Versions/A/IOBluetooth
0x00007fff3e00f000 	/System/Library/PrivateFrameworks/CoreWiFi.framework/Versions/A/CoreWiFi
0x00007fff29b0c000 	/System/Library/Frameworks/CoreBluetooth.framework/Versions/A/CoreBluetooth
0x00007fff4ab15000 	/System/Library/PrivateFrameworks/SignpostNotification.framework/Versions/A/SignpostNotification
0x00007fff3e260000 	/System/Library/PrivateFrameworks/DebugSymbols.framework/Versions/A/DebugSymbols
0x00007fff3dc66000 	/System/Library/PrivateFrameworks/CoreSymbolication.framework/Versions/A/CoreSymbolication
0x00007fff4cdfd000 	/System/Library/PrivateFrameworks/Symbolication.framework/Versions/A/Symbolication
0x00007fff39bea000 	/System/Library/PrivateFrameworks/AppleFSCompression.framework/Versions/A/AppleFSCompression
0x00007fff4c25e000 	/System/Library/PrivateFrameworks/SpeechRecognitionCore.framework/Versions/A/SpeechRecognitionCore
0x0000000110400000 	/Library/Java/JavaVirtualMachines/jdk-9.0.1.jdk/Contents/Home/lib/server/libjvm.dylib
0x00007fff51494000 	/usr/lib/libstdc++.6.0.9.dylib
0x000000010fb37000 	/Library/Java/JavaVirtualMachines/jdk-9.0.1.jdk/Contents/Home/lib/libverify.dylib
0x000000010fb44000 	/Library/Java/JavaVirtualMachines/jdk-9.0.1.jdk/Contents/Home/lib/libjava.dylib
0x000000010fbc2000 	/Library/Java/JavaVirtualMachines/jdk-9.0.1.jdk/Contents/Home/lib/libzip.dylib
0x000000010fbca000 	/Library/Java/JavaVirtualMachines/jdk-9.0.1.jdk/Contents/Home/lib/libjimage.dylib
0x000000010fbe8000 	/Library/Java/JavaVirtualMachines/jdk-9.0.1.jdk/Contents/Home/lib/libnio.dylib
0x0000000113436000 	/Library/Java/JavaVirtualMachines/jdk-9.0.1.jdk/Contents/Home/lib/./libnet.dylib
0x000000011360e000 	/Library/Java/JavaVirtualMachines/jdk-9.0.1.jdk/Contents/Home/lib/libprism_es2.dylib
0x00007fff3d8e6000 	/System/Library/PrivateFrameworks/CoreServicesInternal.framework/Versions/A/CoreServicesInternal
0x00007fff34294000 	/System/Library/Frameworks/OpenGL.framework/Versions/A/Resources/GLEngine.bundle/GLEngine
0x00007fff33762000 	/System/Library/Frameworks/OpenGL.framework/Versions/A/Libraries/libGLProgrammability.dylib
0x00000001348be000 	/System/Library/Extensions/AppleIntelHD4000GraphicsGLDriver.bundle/Contents/MacOS/AppleIntelHD4000GraphicsGLDriver
0x00007fff4283b000 	/System/Library/PrivateFrameworks/GPUSupport.framework/Versions/A/Libraries/libGPUSupportMercury.dylib
0x00007fff3442c000 	/System/Library/Frameworks/OpenGL.framework/Versions/A/Resources/GLRendererFloat.bundle/GLRendererFloat
0x00007fff32506000 	/System/Library/Frameworks/OpenCL.framework/Versions/A/Libraries/libcldcpuengine.dylib
0x00007fff4fe12000 	/usr/lib/libcrypto.35.dylib
0x00007fff4d6e7000 	/System/Library/PrivateFrameworks/TrustEvaluationAgent.framework/Versions/A/TrustEvaluationAgent
0x0000000135443000 	/Library/Java/JavaVirtualMachines/jdk-9.0.1.jdk/Contents/Home/lib/libglass.dylib
0x00007fff223f7000 	/System/Library/CoreServices/RawCamera.bundle/Contents/MacOS/RawCamera
0x00007fff453da000 	/System/Library/PrivateFrameworks/MobileAsset.framework/Versions/A/MobileAsset
0x00007fff4c704000 	/System/Library/PrivateFrameworks/StreamingZip.framework/Versions/A/StreamingZip
0x00007fff2df2b000 	/System/Library/Frameworks/MediaToolbox.framework/Versions/A/MediaToolbox
0x00007fff3c665000 	/System/Library/PrivateFrameworks/CoreAVCHD.framework/Versions/A/CoreAVCHD
0x00007fff2de81000 	/System/Library/Frameworks/MediaAccessibility.framework/Versions/A/MediaAccessibility
0x00007fff44f41000 	/System/Library/PrivateFrameworks/Mangrove.framework/Versions/A/Mangrove
0x00007fff2afac000 	/System/Library/Frameworks/CoreMedia.framework/Versions/A/CoreMedia
0x00007fff364fd000 	/System/Library/Frameworks/VideoToolbox.framework/Versions/A/VideoToolbox
0x00007fff3c284000 	/System/Library/PrivateFrameworks/CoreAUC.framework/Versions/A/CoreAUC
0x00007fff51203000 	/usr/lib/libspindump.dylib
0x00007fff50221000 	/usr/lib/libdscsym.dylib
0x00007fff39ead000 	/System/Library/PrivateFrameworks/AppleVA.framework/Versions/A/AppleVA
0x00007fff262b7000 	/System/Library/Frameworks/Accelerate.framework/Versions/A/Frameworks/vImage.framework/Versions/A/Libraries/libCGInterfaces.dylib
0x0000000135944000 	/Library/Java/JavaVirtualMachines/jdk-9.0.1.jdk/Contents/Home/lib/libjavafx_font.dylib
0x000000013789e000 	/Library/Java/JavaVirtualMachines/jdk-9.0.1.jdk/Contents/Home/lib/libawt.dylib
0x0000000137943000 	/Library/Java/JavaVirtualMachines/jdk-9.0.1.jdk/Contents/Home/lib/./libmlib_image.dylib
0x00007fff2db99000 	/System/Library/Frameworks/JavaVM.framework/Versions/A/Frameworks/JavaNativeFoundation.framework/Versions/A/JavaNativeFoundation
0x00007fff2dba2000 	/System/Library/Frameworks/JavaVM.framework/Versions/A/Frameworks/JavaRuntimeSupport.framework/Versions/A/JavaRuntimeSupport
0x00007fff2dbab000 	/System/Library/Frameworks/JavaVM.framework/Versions/A/JavaVM
0x00007fff444dd000 	/System/Library/PrivateFrameworks/JavaLaunching.framework/Versions/A/JavaLaunching
0x00007fff292c0000 	/System/Library/Frameworks/Carbon.framework/Versions/A/Carbon
0x00007fff292c1000 	/System/Library/Frameworks/Carbon.framework/Versions/A/Frameworks/CommonPanels.framework/Versions/A/CommonPanels
0x00007fff295cb000 	/System/Library/Frameworks/Carbon.framework/Versions/A/Frameworks/Help.framework/Versions/A/Help
0x00007fff295cf000 	/System/Library/Frameworks/Carbon.framework/Versions/A/Frameworks/ImageCapture.framework/Versions/A/ImageCapture
0x00007fff2966b000 	/System/Library/Frameworks/Carbon.framework/Versions/A/Frameworks/OpenScripting.framework/Versions/A/OpenScripting
0x00007fff296a6000 	/System/Library/Frameworks/Carbon.framework/Versions/A/Frameworks/Print.framework/Versions/A/Print
0x00007fff296a8000 	/System/Library/Frameworks/Carbon.framework/Versions/A/Frameworks/SecurityHI.framework/Versions/A/SecurityHI
0x00000001379b1000 	/Library/Java/JavaVirtualMachines/jdk-9.0.1.jdk/Contents/Home/lib/libawt_lwawt.dylib
0x0000000137a71000 	/Library/Java/JavaVirtualMachines/jdk-9.0.1.jdk/Contents/Home/lib/./libosxapp.dylib
0x00007fff2c09a000 	/System/Library/Frameworks/ExceptionHandling.framework/Versions/A/ExceptionHandling
0x0000000137a8c000 	/Library/Java/JavaVirtualMachines/jdk-9.0.1.jdk/Contents/Home/lib/libfontmanager.dylib
0x00007fff2873f000 	/System/Library/Frameworks/ApplicationServices.framework/Versions/A/Frameworks/ATS.framework/Versions/A/Resources/libTrueTypeScaler.dylib
0x0000000137242000 	/Library/Java/JavaVirtualMachines/jdk-9.0.1.jdk/Contents/Home/lib/libjavafx_iio.dylib
0x00007fff23c0b000 	/System/Library/Extensions/AppleIntelHD4000GraphicsMTLDriver.bundle/Contents/MacOS/AppleIntelHD4000GraphicsMTLDriver
0x00007fff411db000 	/System/Library/PrivateFrameworks/GPUCompiler.framework/Versions/3802/Libraries/libmetal_timestamp.dylib
0x00007fff4e566000 	/System/Library/PrivateFrameworks/ViewBridge.framework/Versions/A/ViewBridge
0x0000000135f8b000 	/Library/Java/JavaVirtualMachines/jdk-9.0.1.jdk/Contents/Home/lib/libprism_common.dylib
0x0000000137500000 	/Library/Java/JavaVirtualMachines/jdk-9.0.1.jdk/Contents/Home/lib/libosxui.dylib
0x000000013902e000 	/Library/Java/JavaVirtualMachines/jdk-9.0.1.jdk/Contents/Home/lib/libjavajpeg.dylib
0x000000013a1f2000 	/Library/Java/Extensions/libopencv_java2413.dylib
0x000000013ab5b000 	/usr/local/Cellar/opencv@2/2.4.13.4/lib/libopencv_contrib.2.4.dylib
0x00000001392cc000 	/usr/local/Cellar/opencv@2/2.4.13.4/lib/libopencv_nonfree.2.4.dylib
0x0000000139056000 	/usr/local/Cellar/opencv@2/2.4.13.4/lib/libopencv_gpu.2.4.dylib
0x000000013aee4000 	/usr/local/Cellar/opencv@2/2.4.13.4/lib/libopencv_legacy.2.4.dylib
0x0000000139306000 	/usr/local/Cellar/opencv@2/2.4.13.4/lib/libopencv_photo.2.4.dylib
0x000000013f370000 	/usr/local/Cellar/opencv@2/2.4.13.4/lib/libopencv_ocl.2.4.dylib
0x000000013b3a6000 	/usr/local/Cellar/opencv@2/2.4.13.4/lib/libopencv_calib3d.2.4.dylib
0x000000013a2a3000 	/usr/local/Cellar/opencv@2/2.4.13.4/lib/libopencv_features2d.2.4.dylib
0x000000013ac48000 	/usr/local/Cellar/opencv@2/2.4.13.4/lib/libopencv_flann.2.4.dylib
0x000000013afca000 	/usr/local/Cellar/opencv@2/2.4.13.4/lib/libopencv_ml.2.4.dylib
0x0000000139434000 	/usr/local/Cellar/opencv@2/2.4.13.4/lib/libopencv_video.2.4.dylib
0x000000013b485000 	/usr/local/Cellar/opencv@2/2.4.13.4/lib/libopencv_objdetect.2.4.dylib
0x000000013b30d000 	/usr/local/Cellar/opencv@2/2.4.13.4/lib/libopencv_highgui.2.4.dylib
0x000000013f532000 	/usr/local/Cellar/opencv@2/2.4.13.4/lib/libopencv_imgproc.2.4.dylib
0x000000013f7a2000 	/usr/local/Cellar/opencv@2/2.4.13.4/lib/libopencv_core.2.4.dylib
0x000000013f9a3000 	/usr/local/opt/ffmpeg/lib/libavcodec.57.dylib
0x0000000140c34000 	/usr/local/opt/ffmpeg/lib/libavformat.57.dylib
0x0000000140de6000 	/usr/local/opt/ffmpeg/lib/libavutil.55.dylib
0x0000000140e4f000 	/usr/local/opt/ffmpeg/lib/libswscale.4.dylib
0x0000000139323000 	/usr/local/opt/ffmpeg/lib/libavresample.3.dylib
0x00007fff364fc000 	/System/Library/Frameworks/VideoDecodeAcceleration.framework/Versions/A/VideoDecodeAcceleration
0x00007fff25f1a000 	/System/Library/Frameworks/AVFoundation.framework/Versions/A/AVFoundation
0x000000013c4c0000 	/usr/local/opt/jpeg/lib/libjpeg.9.dylib
0x000000013c4f3000 	/usr/local/opt/libpng/lib/libpng16.16.dylib
0x0000000140ece000 	/usr/local/opt/libtiff/lib/libtiff.5.dylib
0x00000001389ea000 	/usr/local/opt/ilmbase/lib/libImath-2_2.12.dylib
0x0000000140f37000 	/usr/local/opt/openexr/lib/libIlmImf-2_2.22.dylib
0x000000013997c000 	/usr/local/opt/ilmbase/lib/libIex-2_2.12.dylib
0x000000014121c000 	/usr/local/opt/ilmbase/lib/libHalf.12.dylib
0x00000001377d6000 	/usr/local/opt/ilmbase/lib/libIlmThread-2_2.12.dylib
0x000000013a33a000 	/usr/local/Cellar/ffmpeg/3.4.1/lib/libswresample.2.dylib
0x0000000141260000 	/usr/local/opt/x264/lib/libx264.148.dylib
0x00000001413cf000 	/usr/local/opt/lame/lib/libmp3lame.0.dylib
0x00007fff260f6000 	/System/Library/Frameworks/AVFoundation.framework/Versions/A/Frameworks/AVFAudio.framework/Versions/A/AVFAudio
0x00007fff444c0000 	/System/Library/PrivateFrameworks/IntlPreferences.framework/Versions/A/IntlPreferences
0x00007fff2b08d000 	/System/Library/Frameworks/CoreMediaIO.framework/Versions/A/CoreMediaIO
0x00007fff49093000 	/System/Library/PrivateFrameworks/RemoteServiceDiscovery.framework/Versions/A/RemoteServiceDiscovery
0x00007fff490c3000 	/System/Library/PrivateFrameworks/RemoteXPC.framework/Versions/A/RemoteXPC
0x00007fff4444f000 	/System/Library/PrivateFrameworks/InternationalSupport.framework/Versions/A/InternationalSupport
0x0000000137513000 	/usr/local/opt/ilmbase/lib/libIexMath-2_2.12.dylib

VM Arguments:
jvm_args: -Dfile.encoding=UTF-8 
java_command: application.Main -Xmx2048m
java_class_path (initial): /Users/tienvd296/Documents/PhleboMorph/bin:/Users/tienvd296/Documents/PhleboMorph/lib/IJ/ij.jar:/Users/tienvd296/Documents/PhleboMorph/lib/metadata-extractor-2.9.1.jar:/Users/tienvd296/Documents/PhleboMorph/lib/xmpcore-5.1.2.jar:/Users/tienvd296/Documents/PhleboMorph/lib/jdom-2.0.6.jar:/Users/tienvd296/Documents/PhleboMorph/lib/opencv/build/java/opencv-2413.jar:/Users/tienvd296/Documents/PhleboMorph/lib/weka.jar:/Users/tienvd296/Documents/PhleboMorph/jgoodies-forms-1.8.0.jar:/Users/tienvd296/.p2/pool/plugins/org.eclipse.fx.ide.css.jfx8_3.1.0.201801110800.jar:/Users/tienvd296/Documents/PhleboMorph/lib/jfoenix-9.0.1.jar
Launcher Type: SUN_STANDARD

Logging:
Log output configuration:
#0: stdout all=warning uptime,level,tags
#1: stderr all=off uptime,level,tags

Environment Variables:
PATH=/usr/bin:/bin:/usr/sbin:/sbin
SHELL=/bin/bash
DISPLAY=/private/tmp/com.apple.launchd.ALKw0HwUtY/org.macosforge.xquartz:0

Signal Handlers:
SIGSEGV: [libjvm.dylib+0x73e2dc], sa_mask[0]=11111111011111110111111111111111, sa_flags=SA_ONSTACK|SA_RESTART|SA_SIGINFO
SIGBUS: [libjvm.dylib+0x73e2dc], sa_mask[0]=11111111011111110111111111111111, sa_flags=SA_RESTART|SA_SIGINFO
SIGFPE: [libjvm.dylib+0x73e2dc], sa_mask[0]=11111111011111110111111111111111, sa_flags=SA_RESTART|SA_SIGINFO
SIGPIPE: [libjvm.dylib+0x5f15ac], sa_mask[0]=11111111011111110111111111111111, sa_flags=SA_RESTART|SA_SIGINFO
SIGXFSZ: [libjvm.dylib+0x5f15ac], sa_mask[0]=11111111011111110111111111111111, sa_flags=SA_RESTART|SA_SIGINFO
SIGILL: [libjvm.dylib+0x73e2dc], sa_mask[0]=11111111011111110111111111111111, sa_flags=SA_RESTART|SA_SIGINFO
SIGUSR2: [libjvm.dylib+0x5f1e3c], sa_mask[0]=00100000000000000000000000000000, sa_flags=SA_RESTART|SA_SIGINFO
SIGHUP: [libjvm.dylib+0x5f0679], sa_mask[0]=11111111011111110111111111111111, sa_flags=SA_RESTART|SA_SIGINFO
SIGINT: [libjvm.dylib+0x5f0679], sa_mask[0]=11111111011111110111111111111111, sa_flags=SA_RESTART|SA_SIGINFO
SIGTERM: [libjvm.dylib+0x5f0679], sa_mask[0]=11111111011111110111111111111111, sa_flags=SA_RESTART|SA_SIGINFO
SIGQUIT: [libjvm.dylib+0x5f0679], sa_mask[0]=11111111011111110111111111111111, sa_flags=SA_RESTART|SA_SIGINFO


---------------  S Y S T E M  ---------------

OS:uname:Darwin 17.3.0 Darwin Kernel Version 17.3.0: Thu Nov  9 18:09:22 PST 2017; root:xnu-4570.31.3~1/RELEASE_X86_64 x86_64
rlimit: STACK 8192k, CORE 0k, NPROC 709, NOFILE 10240, AS infinity
load average:2.89 3.73 4.19

CPU:total 4 (initial active 4) (2 cores per cpu, 2 threads per core) family 6 model 58 stepping 9, cmov, cx8, fxsr, mmx, sse, sse2, sse3, ssse3, sse4.1, sse4.2, popcnt, avx, aes, clmul, erms, ht, tsc, tscinvbit, tscinv

Memory: 4k page, physical 8388608k(1753924k free)

vm_info: Java HotSpot(TM) 64-Bit Server VM (9.0.1+11) for bsd-amd64 JRE (9.0.1+11), built on Sep 28 2017 03:49:57 by "mach5one" with gcc 4.2.1 Compatible Apple LLVM 6.1.0 (clang-602.0.49)

END.
